[+] Containers:
 |- [+] Container: /Game/ThirdPerson/Maps/ThirdPersonMap
 |   |- [+] ActorDescs:
 |   |   |- Guid:03C233A849AB0A2DCA699981231BC05C NativeClass:/Script/Landscape.LandscapeStreamingProxy Name:LandscapeStreamingProxy_9CFG22RI8N5R75WZP5VAA7DBH_126_1_0_0 Label:LandscapeStreamingProxy_1_0_0 SpatiallyLoaded:true EditorBounds:IsValid=true, Min=(X=1975.000 Y=-310.000 Z=0.000), Max=(X=4180.000 Y=1895.000 Z=30.762) RuntimeBounds:IsValid=true, Min=(X=1975.000 Y=-310.000 Z=0.000), Max=(X=4180.000 Y=1895.000 Z=30.762) RuntimeGrid:None EditorOnly:false RuntimeOnly:false HLODRelevant:true ListedInSceneOutliner:true IsMainWorldOnly:false
 |   |   |- Guid:09DEB44F48B60CFA981B359AD8303595 NativeClass:/Script/Landscape.LandscapeStreamingProxy Name:LandscapeStreamingProxy_9CFG22RI8N5R75WZP5VAA7DBH_126_0_3_0 Label:LandscapeStreamingProxy_0_3_0 SpatiallyLoaded:true EditorBounds:IsValid=true, Min=(X=-230.000 Y=6305.000 Z=-17.500), Max=(X=1975.000 Y=8510.000 Z=17.500) RuntimeBounds:IsValid=true, Min=(X=-230.000 Y=6305.000 Z=-17.500), Max=(X=1975.000 Y=8510.000 Z=17.500) RuntimeGrid:None EditorOnly:false RuntimeOnly:false HLODRelevant:true ListedInSceneOutliner:true IsMainWorldOnly:false
 |   |   |- Guid:0A17D93D405EB1F910D41B9EAC97BE82 NativeClass:/Script/Landscape.LandscapeStreamingProxy Name:LandscapeStreamingProxy_9CFG22RI8N5R75WZP5VAA7DBH_126_3_0_0 Label:LandscapeStreamingProxy_3_0_0 SpatiallyLoaded:true EditorBounds:IsValid=true, Min=(X=6385.000 Y=-310.000 Z=-17.500), Max=(X=8590.000 Y=1895.000 Z=17.500) RuntimeBounds:IsValid=true, Min=(X=6385.000 Y=-310.000 Z=-17.500), Max=(X=8590.000 Y=1895.000 Z=17.500) RuntimeGrid:None EditorOnly:false RuntimeOnly:false HLODRelevant:true ListedInSceneOutliner:true IsMainWorldOnly:false
 |   |   |- Guid:0BF5E73B4F7D6AF4867B0FAA91539CAF NativeClass:/Script/Landscape.LandscapeStreamingProxy Name:LandscapeStreamingProxy_9CFG22RI8N5R75WZP5VAA7DBH_126_2_1_0 Label:LandscapeStreamingProxy_2_1_0 SpatiallyLoaded:true EditorBounds:IsValid=true, Min=(X=4180.000 Y=1895.000 Z=-17.500), Max=(X=6385.000 Y=4100.000 Z=17.500) RuntimeBounds:IsValid=true, Min=(X=4180.000 Y=1895.000 Z=-17.500), Max=(X=6385.000 Y=4100.000 Z=17.500) RuntimeGrid:None EditorOnly:false RuntimeOnly:false HLODRelevant:true ListedInSceneOutliner:true IsMainWorldOnly:false
 |   |   |- Guid:1A42107241265F4BB2FB0D90AA8E8F76 NativeClass:/Script/Landscape.LandscapeStreamingProxy Name:LandscapeStreamingProxy_9CFG22RI8N5R75WZP5VAA7DBH_126_1_2_0 Label:LandscapeStreamingProxy_1_2_0 SpatiallyLoaded:true EditorBounds:IsValid=true, Min=(X=1975.000 Y=4100.000 Z=-17.500), Max=(X=4180.000 Y=6305.000 Z=17.500) RuntimeBounds:IsValid=true, Min=(X=1975.000 Y=4100.000 Z=-17.500), Max=(X=4180.000 Y=6305.000 Z=17.500) RuntimeGrid:None EditorOnly:false RuntimeOnly:false HLODRelevant:true ListedInSceneOutliner:true IsMainWorldOnly:false
 |   |   |- Guid:2A2DE0384458BEC43F6D3E8D6FB3727D NativeClass:/Script/Landscape.LandscapeStreamingProxy Name:LandscapeStreamingProxy_9CFG22RI8N5R75WZP5VAA7DBH_126_2_2_0 Label:LandscapeStreamingProxy_2_2_0 SpatiallyLoaded:true EditorBounds:IsValid=true, Min=(X=4180.000 Y=4100.000 Z=-17.500), Max=(X=6385.000 Y=6305.000 Z=17.500) RuntimeBounds:IsValid=true, Min=(X=4180.000 Y=4100.000 Z=-17.500), Max=(X=6385.000 Y=6305.000 Z=17.500) RuntimeGrid:None EditorOnly:false RuntimeOnly:false HLODRelevant:true ListedInSceneOutliner:true IsMainWorldOnly:false
 |   |   |- Guid:2FB58999456391D349DC0F86DAC136ED NativeClass:/Script/Engine.SkyLight Name:SkyLight_1 Label:SkyLight SpatiallyLoaded:false EditorBounds:IsValid=true, Min=(X=0.000 Y=0.000 Z=690.000), Max=(X=0.000 Y=0.000 Z=690.000) RuntimeBounds:IsValid=true, Min=(X=0.000 Y=0.000 Z=690.000), Max=(X=0.000 Y=0.000 Z=690.000) RuntimeGrid:None EditorOnly:false RuntimeOnly:false HLODRelevant:false ListedInSceneOutliner:true IsMainWorldOnly:false FolderPath:Lighting FolderGuid:963EC3EB4002CCE9759E2EBA541A873A
 |   |   |- Guid:316CF2A6494ACA4C0E4180A87D36AB8F NativeClass:/Script/Engine.ExponentialHeightFog Name:ExponentialHeightFog_0 Label:ExponentialHeightFog SpatiallyLoaded:false EditorBounds:IsValid=true, Min=(X=-5600.000 Y=-50.000 Z=-6850.000), Max=(X=-5600.000 Y=-50.000 Z=-6850.000) RuntimeBounds:IsValid=true, Min=(X=-5600.000 Y=-50.000 Z=-6850.000), Max=(X=-5600.000 Y=-50.000 Z=-6850.000) RuntimeGrid:None EditorOnly:false RuntimeOnly:false HLODRelevant:false ListedInSceneOutliner:true IsMainWorldOnly:false FolderPath:Lighting FolderGuid:963EC3EB4002CCE9759E2EBA541A873A
 |   |   |- Guid:3A00AA1C422CE54C0BDB60BAF471BFBB NativeClass:/Script/Engine.PlayerStart Name:PlayerStart_0 Label:PlayerStart SpatiallyLoaded:false EditorBounds:IsValid=true, Min=(X=860.000 Y=1070.000 Z=0.013), Max=(X=940.000 Y=1150.000 Z=184.013) RuntimeBounds:IsValid=true, Min=(X=860.000 Y=1070.000 Z=0.013), Max=(X=940.000 Y=1150.000 Z=184.013) RuntimeGrid:None EditorOnly:false RuntimeOnly:false HLODRelevant:false ListedInSceneOutliner:true IsMainWorldOnly:false
 |   |   |- Guid:3E84549A4135F49F693BA0B38F7ACD46 NativeClass:/Script/Landscape.LandscapeStreamingProxy Name:LandscapeStreamingProxy_9CFG22RI8N5R75WZP5VAA7DBH_126_0_0_0 Label:LandscapeStreamingProxy_0_0_0 SpatiallyLoaded:true EditorBounds:IsValid=true, Min=(X=-230.000 Y=-310.000 Z=0.000), Max=(X=1975.000 Y=1895.000 Z=48.262) RuntimeBounds:IsValid=true, Min=(X=-230.000 Y=-310.000 Z=0.000), Max=(X=1975.000 Y=1895.000 Z=48.262) RuntimeGrid:None EditorOnly:false RuntimeOnly:false HLODRelevant:true ListedInSceneOutliner:true IsMainWorldOnly:false
 |   |   |- Guid:44759E2442040D2D015158BF7B80B9E8 NativeClass:/Script/Landscape.LandscapeStreamingProxy Name:LandscapeStreamingProxy_9CFG22RI8N5R75WZP5VAA7DBH_126_0_1_0 Label:LandscapeStreamingProxy_0_1_0 SpatiallyLoaded:true EditorBounds:IsValid=true, Min=(X=-230.000 Y=1895.000 Z=0.000), Max=(X=1975.000 Y=4100.000 Z=30.762) RuntimeBounds:IsValid=true, Min=(X=-230.000 Y=1895.000 Z=0.000), Max=(X=1975.000 Y=4100.000 Z=30.762) RuntimeGrid:None EditorOnly:false RuntimeOnly:false HLODRelevant:true ListedInSceneOutliner:true IsMainWorldOnly:false
 |   |   |- Guid:4D3BE93F4146AAAC8BBE79999D96D57F NativeClass:/Script/Engine.VolumetricCloud Name:VolumetricCloud_0 Label:VolumetricCloud SpatiallyLoaded:false EditorBounds:IsValid=true, Min=(X=0.000 Y=0.000 Z=820.000), Max=(X=0.000 Y=0.000 Z=820.000) RuntimeBounds:IsValid=true, Min=(X=0.000 Y=0.000 Z=820.000), Max=(X=0.000 Y=0.000 Z=820.000) RuntimeGrid:None EditorOnly:false RuntimeOnly:false HLODRelevant:false ListedInSceneOutliner:true IsMainWorldOnly:false FolderPath:Lighting FolderGuid:963EC3EB4002CCE9759E2EBA541A873A
 |   |   |- Guid:6BAF4DDD444C60371492D3919DB42C97 NativeClass:/Script/Engine.WorldDataLayers Name:WorldDataLayers Label:WorldDataLayers SpatiallyLoaded:false EditorBounds:IsValid=true, Min=(X=0.000 Y=0.000 Z=0.000), Max=(X=0.000 Y=0.000 Z=0.000) RuntimeBounds:IsValid=true, Min=(X=0.000 Y=0.000 Z=0.000), Max=(X=0.000 Y=0.000 Z=0.000) RuntimeGrid:None EditorOnly:false RuntimeOnly:false HLODRelevant:false ListedInSceneOutliner:true IsMainWorldOnly:true
 |   |   |- Guid:6F2C249945893141E0EE37A22C276352 NativeClass:/Script/Landscape.LandscapeStreamingProxy Name:LandscapeStreamingProxy_9CFG22RI8N5R75WZP5VAA7DBH_126_1_3_0 Label:LandscapeStreamingProxy_1_3_0 SpatiallyLoaded:true EditorBounds:IsValid=true, Min=(X=1975.000 Y=6305.000 Z=-17.500), Max=(X=4180.000 Y=8510.000 Z=17.500) RuntimeBounds:IsValid=true, Min=(X=1975.000 Y=6305.000 Z=-17.500), Max=(X=4180.000 Y=8510.000 Z=17.500) RuntimeGrid:None EditorOnly:false RuntimeOnly:false HLODRelevant:true ListedInSceneOutliner:true IsMainWorldOnly:false
 |   |   |- Guid:85E04464409D0FFDADF0EFAB46AAAE29 NativeClass:/Script/Landscape.LandscapeStreamingProxy Name:LandscapeStreamingProxy_9CFG22RI8N5R75WZP5VAA7DBH_126_0_2_0 Label:LandscapeStreamingProxy_0_2_0 SpatiallyLoaded:true EditorBounds:IsValid=true, Min=(X=-230.000 Y=4100.000 Z=-17.500), Max=(X=1975.000 Y=6305.000 Z=17.500) RuntimeBounds:IsValid=true, Min=(X=-230.000 Y=4100.000 Z=-17.500), Max=(X=1975.000 Y=6305.000 Z=17.500) RuntimeGrid:None EditorOnly:false RuntimeOnly:false HLODRelevant:true ListedInSceneOutliner:true IsMainWorldOnly:false
 |   |   |- Guid:9F4782CD4FC464541B216C991C09CF2F NativeClass:/Script/Landscape.Landscape Name:Landscape_UAID_088FC366836E3B8502_1080030327 Label:Landscape SpatiallyLoaded:false EditorBounds:IsValid=true, Min=(X=-230.000 Y=-310.000 Z=0.000), Max=(X=-230.000 Y=-310.000 Z=0.000) RuntimeBounds:IsValid=true, Min=(X=-230.000 Y=-310.000 Z=0.000), Max=(X=-230.000 Y=-310.000 Z=0.000) RuntimeGrid:None EditorOnly:false RuntimeOnly:false HLODRelevant:false ListedInSceneOutliner:true IsMainWorldOnly:false
 |   |   |- Guid:B785ED2844B84CFB91E7F39FE661CD99 NativeClass:/Script/Engine.DirectionalLight Name:DirectionalLight_0 Label:DirectionalLight SpatiallyLoaded:false EditorBounds:IsValid=true, Min=(X=-1048576.000 Y=-1048576.000 Z=-1048576.000), Max=(X=1048576.000 Y=1048576.000 Z=1048576.000) RuntimeBounds:IsValid=true, Min=(X=-1048576.000 Y=-1048576.000 Z=-1048576.000), Max=(X=1048576.000 Y=1048576.000 Z=1048576.000) RuntimeGrid:None EditorOnly:false RuntimeOnly:false HLODRelevant:false ListedInSceneOutliner:true IsMainWorldOnly:false FolderPath:Lighting FolderGuid:963EC3EB4002CCE9759E2EBA541A873A
 |   |   |- Guid:CAFB2F1345A4C2F456B654842AA400FC NativeClass:/Script/Landscape.LandscapeStreamingProxy Name:LandscapeStreamingProxy_9CFG22RI8N5R75WZP5VAA7DBH_126_3_1_0 Label:LandscapeStreamingProxy_3_1_0 SpatiallyLoaded:true EditorBounds:IsValid=true, Min=(X=6385.000 Y=1895.000 Z=-17.500), Max=(X=8590.000 Y=4100.000 Z=17.500) RuntimeBounds:IsValid=true, Min=(X=6385.000 Y=1895.000 Z=-17.500), Max=(X=8590.000 Y=4100.000 Z=17.500) RuntimeGrid:None EditorOnly:false RuntimeOnly:false HLODRelevant:true ListedInSceneOutliner:true IsMainWorldOnly:false
 |   |   |- Guid:CCFF262C46EEFFDF319E7F9539CE697E NativeClass:/Script/Engine.SkyAtmosphere Name:SkyAtmosphere_0 Label:SkyAtmosphere SpatiallyLoaded:false EditorBounds:IsValid=true, Min=(X=0.000 Y=0.000 Z=1020.000), Max=(X=0.000 Y=0.000 Z=1020.000) RuntimeBounds:IsValid=true, Min=(X=0.000 Y=0.000 Z=1020.000), Max=(X=0.000 Y=0.000 Z=1020.000) RuntimeGrid:None EditorOnly:false RuntimeOnly:false HLODRelevant:false ListedInSceneOutliner:true IsMainWorldOnly:false FolderPath:Lighting FolderGuid:963EC3EB4002CCE9759E2EBA541A873A
 |   |   |- Guid:D30F95174E1FB112E92810B0E0AAD9E3 NativeClass:/Script/Landscape.LandscapeStreamingProxy Name:LandscapeStreamingProxy_9CFG22RI8N5R75WZP5VAA7DBH_126_1_1_0 Label:LandscapeStreamingProxy_1_1_0 SpatiallyLoaded:true EditorBounds:IsValid=true, Min=(X=1975.000 Y=1895.000 Z=-17.500), Max=(X=4180.000 Y=4100.000 Z=30.762) RuntimeBounds:IsValid=true, Min=(X=1975.000 Y=1895.000 Z=-17.500), Max=(X=4180.000 Y=4100.000 Z=30.762) RuntimeGrid:None EditorOnly:false RuntimeOnly:false HLODRelevant:true ListedInSceneOutliner:true IsMainWorldOnly:false
 |   |   |- Guid:E0DE85234DFD39056C5856B41AB019B5 NativeClass:/Script/Landscape.LandscapeStreamingProxy Name:LandscapeStreamingProxy_9CFG22RI8N5R75WZP5VAA7DBH_126_2_3_0 Label:LandscapeStreamingProxy_2_3_0 SpatiallyLoaded:true EditorBounds:IsValid=true, Min=(X=4180.000 Y=6305.000 Z=-17.500), Max=(X=6385.000 Y=8510.000 Z=17.500) RuntimeBounds:IsValid=true, Min=(X=4180.000 Y=6305.000 Z=-17.500), Max=(X=6385.000 Y=8510.000 Z=17.500) RuntimeGrid:None EditorOnly:false RuntimeOnly:false HLODRelevant:true ListedInSceneOutliner:true IsMainWorldOnly:false
 |   |   |- Guid:EAE4C3BE45FCC5466F5CEA8AF5C55E0D NativeClass:/Script/Landscape.LandscapeStreamingProxy Name:LandscapeStreamingProxy_9CFG22RI8N5R75WZP5VAA7DBH_126_3_2_0 Label:LandscapeStreamingProxy_3_2_0 SpatiallyLoaded:true EditorBounds:IsValid=true, Min=(X=6385.000 Y=4100.000 Z=-17.500), Max=(X=8590.000 Y=6305.000 Z=17.500) RuntimeBounds:IsValid=true, Min=(X=6385.000 Y=4100.000 Z=-17.500), Max=(X=8590.000 Y=6305.000 Z=17.500) RuntimeGrid:None EditorOnly:false RuntimeOnly:false HLODRelevant:true ListedInSceneOutliner:true IsMainWorldOnly:false
 |   |   |- Guid:EC4E0C944CE6AC6E784BC6BB2916EA13 NativeClass:/Script/Engine.StaticMeshActor Name:StaticMeshActor_UAID_A4AE111137DC5EFB00_1110535423 Label:SM_SkySphere SpatiallyLoaded:false EditorBounds:IsValid=true, Min=(X=-1638400.000 Y=-1638400.000 Z=-1638400.000), Max=(X=1638400.000 Y=1638400.000 Z=1638400.000) RuntimeBounds:IsValid=true, Min=(X=-1638400.000 Y=-1638400.000 Z=-1638400.000), Max=(X=1638400.000 Y=1638400.000 Z=1638400.000) RuntimeGrid:None EditorOnly:false RuntimeOnly:false HLODRelevant:true ListedInSceneOutliner:true IsMainWorldOnly:false FolderPath:Lighting FolderGuid:963EC3EB4002CCE9759E2EBA541A873A
 |   |   |- Guid:F5E3FEB3450C49844FD93DA8E083C8AD NativeClass:/Script/Engine.PostProcessVolume Name:PostProcessVolume_0 Label:PostProcessVolume SpatiallyLoaded:false EditorBounds:IsValid=true, Min=(X=0.000 Y=0.000 Z=400.000), Max=(X=200.000 Y=200.000 Z=600.000) RuntimeBounds:IsValid=true, Min=(X=0.000 Y=0.000 Z=400.000), Max=(X=200.000 Y=200.000 Z=600.000) RuntimeGrid:None EditorOnly:false RuntimeOnly:false HLODRelevant:false ListedInSceneOutliner:true IsMainWorldOnly:false FolderPath:Lighting FolderGuid:963EC3EB4002CCE9759E2EBA541A873A
 |   |   |- Guid:F7B25CFB49107524CC379696650779B3 NativeClass:/Script/Landscape.LandscapeStreamingProxy Name:LandscapeStreamingProxy_9CFG22RI8N5R75WZP5VAA7DBH_126_3_3_0 Label:LandscapeStreamingProxy_3_3_0 SpatiallyLoaded:true EditorBounds:IsValid=true, Min=(X=6385.000 Y=6305.000 Z=-17.500), Max=(X=8590.000 Y=8510.000 Z=17.500) RuntimeBounds:IsValid=true, Min=(X=6385.000 Y=6305.000 Z=-17.500), Max=(X=8590.000 Y=8510.000 Z=17.500) RuntimeGrid:None EditorOnly:false RuntimeOnly:false HLODRelevant:true ListedInSceneOutliner:true IsMainWorldOnly:false
 |   |   |- Guid:F8CD81B14EF13C27868E5C9F20AD0D85 NativeClass:/Script/Landscape.LandscapeStreamingProxy Name:LandscapeStreamingProxy_9CFG22RI8N5R75WZP5VAA7DBH_126_2_0_0 Label:LandscapeStreamingProxy_2_0_0 SpatiallyLoaded:true EditorBounds:IsValid=true, Min=(X=4180.000 Y=-310.000 Z=-17.500), Max=(X=6385.000 Y=1895.000 Z=17.500) RuntimeBounds:IsValid=true, Min=(X=4180.000 Y=-310.000 Z=-17.500), Max=(X=6385.000 Y=1895.000 Z=17.500) RuntimeGrid:None EditorOnly:false RuntimeOnly:false HLODRelevant:true ListedInSceneOutliner:true IsMainWorldOnly:false
 |   |- [+] Clusters:
 |   |   |- [+] [  0]
 |   |   |   |- Guid:03C233A849AB0A2DCA699981231BC05C NativeClass:/Script/Landscape.LandscapeStreamingProxy Name:LandscapeStreamingProxy_9CFG22RI8N5R75WZP5VAA7DBH_126_1_0_0 Label:LandscapeStreamingProxy_1_0_0 SpatiallyLoaded:true EditorBounds:IsValid=true, Min=(X=1975.000 Y=-310.000 Z=0.000), Max=(X=4180.000 Y=1895.000 Z=30.762) RuntimeBounds:IsValid=true, Min=(X=1975.000 Y=-310.000 Z=0.000), Max=(X=4180.000 Y=1895.000 Z=30.762) RuntimeGrid:None EditorOnly:false RuntimeOnly:false HLODRelevant:true ListedInSceneOutliner:true IsMainWorldOnly:false
 |   |   |- [+] [  1]
 |   |   |   |- Guid:09DEB44F48B60CFA981B359AD8303595 NativeClass:/Script/Landscape.LandscapeStreamingProxy Name:LandscapeStreamingProxy_9CFG22RI8N5R75WZP5VAA7DBH_126_0_3_0 Label:LandscapeStreamingProxy_0_3_0 SpatiallyLoaded:true EditorBounds:IsValid=true, Min=(X=-230.000 Y=6305.000 Z=-17.500), Max=(X=1975.000 Y=8510.000 Z=17.500) RuntimeBounds:IsValid=true, Min=(X=-230.000 Y=6305.000 Z=-17.500), Max=(X=1975.000 Y=8510.000 Z=17.500) RuntimeGrid:None EditorOnly:false RuntimeOnly:false HLODRelevant:true ListedInSceneOutliner:true IsMainWorldOnly:false
 |   |   |- [+] [  2]
 |   |   |   |- Guid:0A17D93D405EB1F910D41B9EAC97BE82 NativeClass:/Script/Landscape.LandscapeStreamingProxy Name:LandscapeStreamingProxy_9CFG22RI8N5R75WZP5VAA7DBH_126_3_0_0 Label:LandscapeStreamingProxy_3_0_0 SpatiallyLoaded:true EditorBounds:IsValid=true, Min=(X=6385.000 Y=-310.000 Z=-17.500), Max=(X=8590.000 Y=1895.000 Z=17.500) RuntimeBounds:IsValid=true, Min=(X=6385.000 Y=-310.000 Z=-17.500), Max=(X=8590.000 Y=1895.000 Z=17.500) RuntimeGrid:None EditorOnly:false RuntimeOnly:false HLODRelevant:true ListedInSceneOutliner:true IsMainWorldOnly:false
 |   |   |- [+] [  3]
 |   |   |   |- Guid:0BF5E73B4F7D6AF4867B0FAA91539CAF NativeClass:/Script/Landscape.LandscapeStreamingProxy Name:LandscapeStreamingProxy_9CFG22RI8N5R75WZP5VAA7DBH_126_2_1_0 Label:LandscapeStreamingProxy_2_1_0 SpatiallyLoaded:true EditorBounds:IsValid=true, Min=(X=4180.000 Y=1895.000 Z=-17.500), Max=(X=6385.000 Y=4100.000 Z=17.500) RuntimeBounds:IsValid=true, Min=(X=4180.000 Y=1895.000 Z=-17.500), Max=(X=6385.000 Y=4100.000 Z=17.500) RuntimeGrid:None EditorOnly:false RuntimeOnly:false HLODRelevant:true ListedInSceneOutliner:true IsMainWorldOnly:false
 |   |   |- [+] [  4]
 |   |   |   |- Guid:1A42107241265F4BB2FB0D90AA8E8F76 NativeClass:/Script/Landscape.LandscapeStreamingProxy Name:LandscapeStreamingProxy_9CFG22RI8N5R75WZP5VAA7DBH_126_1_2_0 Label:LandscapeStreamingProxy_1_2_0 SpatiallyLoaded:true EditorBounds:IsValid=true, Min=(X=1975.000 Y=4100.000 Z=-17.500), Max=(X=4180.000 Y=6305.000 Z=17.500) RuntimeBounds:IsValid=true, Min=(X=1975.000 Y=4100.000 Z=-17.500), Max=(X=4180.000 Y=6305.000 Z=17.500) RuntimeGrid:None EditorOnly:false RuntimeOnly:false HLODRelevant:true ListedInSceneOutliner:true IsMainWorldOnly:false
 |   |   |- [+] [  5]
 |   |   |   |- Guid:2A2DE0384458BEC43F6D3E8D6FB3727D NativeClass:/Script/Landscape.LandscapeStreamingProxy Name:LandscapeStreamingProxy_9CFG22RI8N5R75WZP5VAA7DBH_126_2_2_0 Label:LandscapeStreamingProxy_2_2_0 SpatiallyLoaded:true EditorBounds:IsValid=true, Min=(X=4180.000 Y=4100.000 Z=-17.500), Max=(X=6385.000 Y=6305.000 Z=17.500) RuntimeBounds:IsValid=true, Min=(X=4180.000 Y=4100.000 Z=-17.500), Max=(X=6385.000 Y=6305.000 Z=17.500) RuntimeGrid:None EditorOnly:false RuntimeOnly:false HLODRelevant:true ListedInSceneOutliner:true IsMainWorldOnly:false
 |   |   |- [+] [  6]
 |   |   |   |- Guid:2FB58999456391D349DC0F86DAC136ED NativeClass:/Script/Engine.SkyLight Name:SkyLight_1 Label:SkyLight SpatiallyLoaded:false EditorBounds:IsValid=true, Min=(X=0.000 Y=0.000 Z=690.000), Max=(X=0.000 Y=0.000 Z=690.000) RuntimeBounds:IsValid=true, Min=(X=0.000 Y=0.000 Z=690.000), Max=(X=0.000 Y=0.000 Z=690.000) RuntimeGrid:None EditorOnly:false RuntimeOnly:false HLODRelevant:false ListedInSceneOutliner:true IsMainWorldOnly:false FolderPath:Lighting FolderGuid:963EC3EB4002CCE9759E2EBA541A873A
 |   |   |- [+] [  7]
 |   |   |   |- Guid:316CF2A6494ACA4C0E4180A87D36AB8F NativeClass:/Script/Engine.ExponentialHeightFog Name:ExponentialHeightFog_0 Label:ExponentialHeightFog SpatiallyLoaded:false EditorBounds:IsValid=true, Min=(X=-5600.000 Y=-50.000 Z=-6850.000), Max=(X=-5600.000 Y=-50.000 Z=-6850.000) RuntimeBounds:IsValid=true, Min=(X=-5600.000 Y=-50.000 Z=-6850.000), Max=(X=-5600.000 Y=-50.000 Z=-6850.000) RuntimeGrid:None EditorOnly:false RuntimeOnly:false HLODRelevant:false ListedInSceneOutliner:true IsMainWorldOnly:false FolderPath:Lighting FolderGuid:963EC3EB4002CCE9759E2EBA541A873A
 |   |   |- [+] [  8]
 |   |   |   |- Guid:3A00AA1C422CE54C0BDB60BAF471BFBB NativeClass:/Script/Engine.PlayerStart Name:PlayerStart_0 Label:PlayerStart SpatiallyLoaded:false EditorBounds:IsValid=true, Min=(X=860.000 Y=1070.000 Z=0.013), Max=(X=940.000 Y=1150.000 Z=184.013) RuntimeBounds:IsValid=true, Min=(X=860.000 Y=1070.000 Z=0.013), Max=(X=940.000 Y=1150.000 Z=184.013) RuntimeGrid:None EditorOnly:false RuntimeOnly:false HLODRelevant:false ListedInSceneOutliner:true IsMainWorldOnly:false
 |   |   |- [+] [  9]
 |   |   |   |- Guid:3E84549A4135F49F693BA0B38F7ACD46 NativeClass:/Script/Landscape.LandscapeStreamingProxy Name:LandscapeStreamingProxy_9CFG22RI8N5R75WZP5VAA7DBH_126_0_0_0 Label:LandscapeStreamingProxy_0_0_0 SpatiallyLoaded:true EditorBounds:IsValid=true, Min=(X=-230.000 Y=-310.000 Z=0.000), Max=(X=1975.000 Y=1895.000 Z=48.262) RuntimeBounds:IsValid=true, Min=(X=-230.000 Y=-310.000 Z=0.000), Max=(X=1975.000 Y=1895.000 Z=48.262) RuntimeGrid:None EditorOnly:false RuntimeOnly:false HLODRelevant:true ListedInSceneOutliner:true IsMainWorldOnly:false
 |   |   |- [+] [ 10]
 |   |   |   |- Guid:44759E2442040D2D015158BF7B80B9E8 NativeClass:/Script/Landscape.LandscapeStreamingProxy Name:LandscapeStreamingProxy_9CFG22RI8N5R75WZP5VAA7DBH_126_0_1_0 Label:LandscapeStreamingProxy_0_1_0 SpatiallyLoaded:true EditorBounds:IsValid=true, Min=(X=-230.000 Y=1895.000 Z=0.000), Max=(X=1975.000 Y=4100.000 Z=30.762) RuntimeBounds:IsValid=true, Min=(X=-230.000 Y=1895.000 Z=0.000), Max=(X=1975.000 Y=4100.000 Z=30.762) RuntimeGrid:None EditorOnly:false RuntimeOnly:false HLODRelevant:true ListedInSceneOutliner:true IsMainWorldOnly:false
 |   |   |- [+] [ 11]
 |   |   |   |- Guid:4D3BE93F4146AAAC8BBE79999D96D57F NativeClass:/Script/Engine.VolumetricCloud Name:VolumetricCloud_0 Label:VolumetricCloud SpatiallyLoaded:false EditorBounds:IsValid=true, Min=(X=0.000 Y=0.000 Z=820.000), Max=(X=0.000 Y=0.000 Z=820.000) RuntimeBounds:IsValid=true, Min=(X=0.000 Y=0.000 Z=820.000), Max=(X=0.000 Y=0.000 Z=820.000) RuntimeGrid:None EditorOnly:false RuntimeOnly:false HLODRelevant:false ListedInSceneOutliner:true IsMainWorldOnly:false FolderPath:Lighting FolderGuid:963EC3EB4002CCE9759E2EBA541A873A
 |   |   |- [+] [ 12]
 |   |   |   |- Guid:6BAF4DDD444C60371492D3919DB42C97 NativeClass:/Script/Engine.WorldDataLayers Name:WorldDataLayers Label:WorldDataLayers SpatiallyLoaded:false EditorBounds:IsValid=true, Min=(X=0.000 Y=0.000 Z=0.000), Max=(X=0.000 Y=0.000 Z=0.000) RuntimeBounds:IsValid=true, Min=(X=0.000 Y=0.000 Z=0.000), Max=(X=0.000 Y=0.000 Z=0.000) RuntimeGrid:None EditorOnly:false RuntimeOnly:false HLODRelevant:false ListedInSceneOutliner:true IsMainWorldOnly:true
 |   |   |- [+] [ 13]
 |   |   |   |- Guid:6F2C249945893141E0EE37A22C276352 NativeClass:/Script/Landscape.LandscapeStreamingProxy Name:LandscapeStreamingProxy_9CFG22RI8N5R75WZP5VAA7DBH_126_1_3_0 Label:LandscapeStreamingProxy_1_3_0 SpatiallyLoaded:true EditorBounds:IsValid=true, Min=(X=1975.000 Y=6305.000 Z=-17.500), Max=(X=4180.000 Y=8510.000 Z=17.500) RuntimeBounds:IsValid=true, Min=(X=1975.000 Y=6305.000 Z=-17.500), Max=(X=4180.000 Y=8510.000 Z=17.500) RuntimeGrid:None EditorOnly:false RuntimeOnly:false HLODRelevant:true ListedInSceneOutliner:true IsMainWorldOnly:false
 |   |   |- [+] [ 14]
 |   |   |   |- Guid:85E04464409D0FFDADF0EFAB46AAAE29 NativeClass:/Script/Landscape.LandscapeStreamingProxy Name:LandscapeStreamingProxy_9CFG22RI8N5R75WZP5VAA7DBH_126_0_2_0 Label:LandscapeStreamingProxy_0_2_0 SpatiallyLoaded:true EditorBounds:IsValid=true, Min=(X=-230.000 Y=4100.000 Z=-17.500), Max=(X=1975.000 Y=6305.000 Z=17.500) RuntimeBounds:IsValid=true, Min=(X=-230.000 Y=4100.000 Z=-17.500), Max=(X=1975.000 Y=6305.000 Z=17.500) RuntimeGrid:None EditorOnly:false RuntimeOnly:false HLODRelevant:true ListedInSceneOutliner:true IsMainWorldOnly:false
 |   |   |- [+] [ 15]
 |   |   |   |- Guid:9F4782CD4FC464541B216C991C09CF2F NativeClass:/Script/Landscape.Landscape Name:Landscape_UAID_088FC366836E3B8502_1080030327 Label:Landscape SpatiallyLoaded:false EditorBounds:IsValid=true, Min=(X=-230.000 Y=-310.000 Z=0.000), Max=(X=-230.000 Y=-310.000 Z=0.000) RuntimeBounds:IsValid=true, Min=(X=-230.000 Y=-310.000 Z=0.000), Max=(X=-230.000 Y=-310.000 Z=0.000) RuntimeGrid:None EditorOnly:false RuntimeOnly:false HLODRelevant:false ListedInSceneOutliner:true IsMainWorldOnly:false
 |   |   |- [+] [ 16]
 |   |   |   |- Guid:B785ED2844B84CFB91E7F39FE661CD99 NativeClass:/Script/Engine.DirectionalLight Name:DirectionalLight_0 Label:DirectionalLight SpatiallyLoaded:false EditorBounds:IsValid=true, Min=(X=-1048576.000 Y=-1048576.000 Z=-1048576.000), Max=(X=1048576.000 Y=1048576.000 Z=1048576.000) RuntimeBounds:IsValid=true, Min=(X=-1048576.000 Y=-1048576.000 Z=-1048576.000), Max=(X=1048576.000 Y=1048576.000 Z=1048576.000) RuntimeGrid:None EditorOnly:false RuntimeOnly:false HLODRelevant:false ListedInSceneOutliner:true IsMainWorldOnly:false FolderPath:Lighting FolderGuid:963EC3EB4002CCE9759E2EBA541A873A
 |   |   |- [+] [ 17]
 |   |   |   |- Guid:CAFB2F1345A4C2F456B654842AA400FC NativeClass:/Script/Landscape.LandscapeStreamingProxy Name:LandscapeStreamingProxy_9CFG22RI8N5R75WZP5VAA7DBH_126_3_1_0 Label:LandscapeStreamingProxy_3_1_0 SpatiallyLoaded:true EditorBounds:IsValid=true, Min=(X=6385.000 Y=1895.000 Z=-17.500), Max=(X=8590.000 Y=4100.000 Z=17.500) RuntimeBounds:IsValid=true, Min=(X=6385.000 Y=1895.000 Z=-17.500), Max=(X=8590.000 Y=4100.000 Z=17.500) RuntimeGrid:None EditorOnly:false RuntimeOnly:false HLODRelevant:true ListedInSceneOutliner:true IsMainWorldOnly:false
 |   |   |- [+] [ 18]
 |   |   |   |- Guid:CCFF262C46EEFFDF319E7F9539CE697E NativeClass:/Script/Engine.SkyAtmosphere Name:SkyAtmosphere_0 Label:SkyAtmosphere SpatiallyLoaded:false EditorBounds:IsValid=true, Min=(X=0.000 Y=0.000 Z=1020.000), Max=(X=0.000 Y=0.000 Z=1020.000) RuntimeBounds:IsValid=true, Min=(X=0.000 Y=0.000 Z=1020.000), Max=(X=0.000 Y=0.000 Z=1020.000) RuntimeGrid:None EditorOnly:false RuntimeOnly:false HLODRelevant:false ListedInSceneOutliner:true IsMainWorldOnly:false FolderPath:Lighting FolderGuid:963EC3EB4002CCE9759E2EBA541A873A
 |   |   |- [+] [ 19]
 |   |   |   |- Guid:D30F95174E1FB112E92810B0E0AAD9E3 NativeClass:/Script/Landscape.LandscapeStreamingProxy Name:LandscapeStreamingProxy_9CFG22RI8N5R75WZP5VAA7DBH_126_1_1_0 Label:LandscapeStreamingProxy_1_1_0 SpatiallyLoaded:true EditorBounds:IsValid=true, Min=(X=1975.000 Y=1895.000 Z=-17.500), Max=(X=4180.000 Y=4100.000 Z=30.762) RuntimeBounds:IsValid=true, Min=(X=1975.000 Y=1895.000 Z=-17.500), Max=(X=4180.000 Y=4100.000 Z=30.762) RuntimeGrid:None EditorOnly:false RuntimeOnly:false HLODRelevant:true ListedInSceneOutliner:true IsMainWorldOnly:false
 |   |   |- [+] [ 20]
 |   |   |   |- Guid:E0DE85234DFD39056C5856B41AB019B5 NativeClass:/Script/Landscape.LandscapeStreamingProxy Name:LandscapeStreamingProxy_9CFG22RI8N5R75WZP5VAA7DBH_126_2_3_0 Label:LandscapeStreamingProxy_2_3_0 SpatiallyLoaded:true EditorBounds:IsValid=true, Min=(X=4180.000 Y=6305.000 Z=-17.500), Max=(X=6385.000 Y=8510.000 Z=17.500) RuntimeBounds:IsValid=true, Min=(X=4180.000 Y=6305.000 Z=-17.500), Max=(X=6385.000 Y=8510.000 Z=17.500) RuntimeGrid:None EditorOnly:false RuntimeOnly:false HLODRelevant:true ListedInSceneOutliner:true IsMainWorldOnly:false
 |   |   |- [+] [ 21]
 |   |   |   |- Guid:EAE4C3BE45FCC5466F5CEA8AF5C55E0D NativeClass:/Script/Landscape.LandscapeStreamingProxy Name:LandscapeStreamingProxy_9CFG22RI8N5R75WZP5VAA7DBH_126_3_2_0 Label:LandscapeStreamingProxy_3_2_0 SpatiallyLoaded:true EditorBounds:IsValid=true, Min=(X=6385.000 Y=4100.000 Z=-17.500), Max=(X=8590.000 Y=6305.000 Z=17.500) RuntimeBounds:IsValid=true, Min=(X=6385.000 Y=4100.000 Z=-17.500), Max=(X=8590.000 Y=6305.000 Z=17.500) RuntimeGrid:None EditorOnly:false RuntimeOnly:false HLODRelevant:true ListedInSceneOutliner:true IsMainWorldOnly:false
 |   |   |- [+] [ 22]
 |   |   |   |- Guid:EC4E0C944CE6AC6E784BC6BB2916EA13 NativeClass:/Script/Engine.StaticMeshActor Name:StaticMeshActor_UAID_A4AE111137DC5EFB00_1110535423 Label:SM_SkySphere SpatiallyLoaded:false EditorBounds:IsValid=true, Min=(X=-1638400.000 Y=-1638400.000 Z=-1638400.000), Max=(X=1638400.000 Y=1638400.000 Z=1638400.000) RuntimeBounds:IsValid=true, Min=(X=-1638400.000 Y=-1638400.000 Z=-1638400.000), Max=(X=1638400.000 Y=1638400.000 Z=1638400.000) RuntimeGrid:None EditorOnly:false RuntimeOnly:false HLODRelevant:true ListedInSceneOutliner:true IsMainWorldOnly:false FolderPath:Lighting FolderGuid:963EC3EB4002CCE9759E2EBA541A873A
 |   |   |- [+] [ 23]
 |   |   |   |- Guid:F5E3FEB3450C49844FD93DA8E083C8AD NativeClass:/Script/Engine.PostProcessVolume Name:PostProcessVolume_0 Label:PostProcessVolume SpatiallyLoaded:false EditorBounds:IsValid=true, Min=(X=0.000 Y=0.000 Z=400.000), Max=(X=200.000 Y=200.000 Z=600.000) RuntimeBounds:IsValid=true, Min=(X=0.000 Y=0.000 Z=400.000), Max=(X=200.000 Y=200.000 Z=600.000) RuntimeGrid:None EditorOnly:false RuntimeOnly:false HLODRelevant:false ListedInSceneOutliner:true IsMainWorldOnly:false FolderPath:Lighting FolderGuid:963EC3EB4002CCE9759E2EBA541A873A
 |   |   |- [+] [ 24]
 |   |   |   |- Guid:F7B25CFB49107524CC379696650779B3 NativeClass:/Script/Landscape.LandscapeStreamingProxy Name:LandscapeStreamingProxy_9CFG22RI8N5R75WZP5VAA7DBH_126_3_3_0 Label:LandscapeStreamingProxy_3_3_0 SpatiallyLoaded:true EditorBounds:IsValid=true, Min=(X=6385.000 Y=6305.000 Z=-17.500), Max=(X=8590.000 Y=8510.000 Z=17.500) RuntimeBounds:IsValid=true, Min=(X=6385.000 Y=6305.000 Z=-17.500), Max=(X=8590.000 Y=8510.000 Z=17.500) RuntimeGrid:None EditorOnly:false RuntimeOnly:false HLODRelevant:true ListedInSceneOutliner:true IsMainWorldOnly:false
 |   |   |- [+] [ 25]
 |   |   |   |- Guid:F8CD81B14EF13C27868E5C9F20AD0D85 NativeClass:/Script/Landscape.LandscapeStreamingProxy Name:LandscapeStreamingProxy_9CFG22RI8N5R75WZP5VAA7DBH_126_2_0_0 Label:LandscapeStreamingProxy_2_0_0 SpatiallyLoaded:true EditorBounds:IsValid=true, Min=(X=4180.000 Y=-310.000 Z=-17.500), Max=(X=6385.000 Y=1895.000 Z=17.500) RuntimeBounds:IsValid=true, Min=(X=4180.000 Y=-310.000 Z=-17.500), Max=(X=6385.000 Y=1895.000 Z=17.500) RuntimeGrid:None EditorOnly:false RuntimeOnly:false HLODRelevant:true ListedInSceneOutliner:true IsMainWorldOnly:false
 |- ContainerInstances:
 |- [+] MainContainer:
 |   |-        ID: 00000000000000000000000000000000
 |   |-  ParentID: 00000000000000000000000000000000
 |   |-    Bounds: IsValid=false, Min=(X=0.000 Y=0.000 Z=0.000), Max=(X=0.000 Y=0.000 Z=0.000)
 |   |- Transform: 0.000000,0.000000,0.000000|0.000000,0.000000,-0.000000|1.000000,1.000000,1.000000
 |   |- Container: /Game/ThirdPerson/Maps/ThirdPersonMap
----------------------------------------------------------------------------------------------------------------
ThirdPersonMap - Persistent Level
----------------------------------------------------------------------------------------------------------------
[+] Content of ThirdPersonMap Persistent Level
 |- Always loaded Actor Count: 26 
 |- Actor Path: /Game/ThirdPerson/Maps/ThirdPersonMap.ThirdPersonMap:PersistentLevel.DirectionalLight_0
 |- Actor Package: /Game/__ExternalActors__/ThirdPerson/Maps/ThirdPersonMap/5/R1/TS5OQ5CRUWFZYL1ZQ7I416
 |- Actor Path: /Game/ThirdPerson/Maps/ThirdPersonMap.ThirdPersonMap:PersistentLevel.ExponentialHeightFog_0
 |- Actor Package: /Game/__ExternalActors__/ThirdPerson/Maps/ThirdPersonMap/6/J7/N10XDC9G27EMLS5AGZ6AVV
 |- Actor Path: /Game/ThirdPerson/Maps/ThirdPersonMap.ThirdPersonMap:PersistentLevel.Landscape_UAID_088FC366836E3B8502_1080030327
 |- Actor Package: /Game/__ExternalActors__/ThirdPerson/Maps/ThirdPersonMap/3/7Y/KV50WEHNQHN2O53NYL60ZG
 |- Actor Path: /Game/ThirdPerson/Maps/ThirdPersonMap.ThirdPersonMap:PersistentLevel.LandscapeStreamingProxy_9CFG22RI8N5R75WZP5VAA7DBH_126_0_0_0
 |- Actor Package: /Game/__ExternalActors__/ThirdPerson/Maps/ThirdPersonMap/C/YV/YNG38Y2ET58NSN9ACE1NR5
 |- Actor Path: /Game/ThirdPerson/Maps/ThirdPersonMap.ThirdPersonMap:PersistentLevel.LandscapeStreamingProxy_9CFG22RI8N5R75WZP5VAA7DBH_126_0_1_0
 |- Actor Package: /Game/__ExternalActors__/ThirdPerson/Maps/ThirdPersonMap/1/0Z/AH4JMPJ4I7UELG8QV538PL
 |- Actor Path: /Game/ThirdPerson/Maps/ThirdPersonMap.ThirdPersonMap:PersistentLevel.LandscapeStreamingProxy_9CFG22RI8N5R75WZP5VAA7DBH_126_0_2_0
 |- Actor Package: /Game/__ExternalActors__/ThirdPerson/Maps/ThirdPersonMap/7/QS/UOOOZ1IMM1G49RAB1MIMBB
 |- Actor Path: /Game/ThirdPerson/Maps/ThirdPersonMap.ThirdPersonMap:PersistentLevel.LandscapeStreamingProxy_9CFG22RI8N5R75WZP5VAA7DBH_126_0_3_0
 |- Actor Package: /Game/__ExternalActors__/ThirdPerson/Maps/ThirdPersonMap/E/LV/RRHSNN9OWOG7JETQKTL5HF
 |- Actor Path: /Game/ThirdPerson/Maps/ThirdPersonMap.ThirdPersonMap:PersistentLevel.LandscapeStreamingProxy_9CFG22RI8N5R75WZP5VAA7DBH_126_1_0_0
 |- Actor Package: /Game/__ExternalActors__/ThirdPerson/Maps/ThirdPersonMap/0/JD/5IQJG89CU31OFUFTGJCLPU
 |- Actor Path: /Game/ThirdPerson/Maps/ThirdPersonMap.ThirdPersonMap:PersistentLevel.LandscapeStreamingProxy_9CFG22RI8N5R75WZP5VAA7DBH_126_1_1_0
 |- Actor Package: /Game/__ExternalActors__/ThirdPerson/Maps/ThirdPersonMap/7/Y6/VW7XTGTQA447RXXFD270U7
 |- Actor Path: /Game/ThirdPerson/Maps/ThirdPersonMap.ThirdPersonMap:PersistentLevel.LandscapeStreamingProxy_9CFG22RI8N5R75WZP5VAA7DBH_126_1_2_0
 |- Actor Package: /Game/__ExternalActors__/ThirdPerson/Maps/ThirdPersonMap/0/YI/I0QPP3CGC1EWKDA4T080I7
 |- Actor Path: /Game/ThirdPerson/Maps/ThirdPersonMap.ThirdPersonMap:PersistentLevel.LandscapeStreamingProxy_9CFG22RI8N5R75WZP5VAA7DBH_126_1_3_0
 |- Actor Package: /Game/__ExternalActors__/ThirdPerson/Maps/ThirdPersonMap/3/KQ/QTLSDE1MC3O0VWE9A6H0HD
 |- Actor Path: /Game/ThirdPerson/Maps/ThirdPersonMap.ThirdPersonMap:PersistentLevel.LandscapeStreamingProxy_9CFG22RI8N5R75WZP5VAA7DBH_126_2_0_0
 |- Actor Package: /Game/__ExternalActors__/ThirdPerson/Maps/ThirdPersonMap/9/16/3RQ5IZ3XBLNEBI8IHI15ZD
 |- Actor Path: /Game/ThirdPerson/Maps/ThirdPersonMap.ThirdPersonMap:PersistentLevel.LandscapeStreamingProxy_9CFG22RI8N5R75WZP5VAA7DBH_126_2_1_0
 |- Actor Package: /Game/__ExternalActors__/ThirdPerson/Maps/ThirdPersonMap/9/L5/3TJIYXUQ58P5GE4G17PMMP
 |- Actor Path: /Game/ThirdPerson/Maps/ThirdPersonMap.ThirdPersonMap:PersistentLevel.LandscapeStreamingProxy_9CFG22RI8N5R75WZP5VAA7DBH_126_2_2_0
 |- Actor Package: /Game/__ExternalActors__/ThirdPerson/Maps/ThirdPersonMap/D/ZC/SPRQXVL5WAMEMHQYBGDRUL
 |- Actor Path: /Game/ThirdPerson/Maps/ThirdPersonMap.ThirdPersonMap:PersistentLevel.LandscapeStreamingProxy_9CFG22RI8N5R75WZP5VAA7DBH_126_2_3_0
 |- Actor Package: /Game/__ExternalActors__/ThirdPerson/Maps/ThirdPersonMap/4/NC/TGB2NVQF2A37C1Q5R0HA02
 |- Actor Path: /Game/ThirdPerson/Maps/ThirdPersonMap.ThirdPersonMap:PersistentLevel.LandscapeStreamingProxy_9CFG22RI8N5R75WZP5VAA7DBH_126_3_0_0
 |- Actor Package: /Game/__ExternalActors__/ThirdPerson/Maps/ThirdPersonMap/8/G8/VUTUKQ09G04RVAN68YVHLK
 |- Actor Path: /Game/ThirdPerson/Maps/ThirdPersonMap.ThirdPersonMap:PersistentLevel.LandscapeStreamingProxy_9CFG22RI8N5R75WZP5VAA7DBH_126_3_1_0
 |- Actor Package: /Game/__ExternalActors__/ThirdPerson/Maps/ThirdPersonMap/6/US/8F9OLUU90FJS12IBI88JPX
 |- Actor Path: /Game/ThirdPerson/Maps/ThirdPersonMap.ThirdPersonMap:PersistentLevel.LandscapeStreamingProxy_9CFG22RI8N5R75WZP5VAA7DBH_126_3_2_0
 |- Actor Package: /Game/__ExternalActors__/ThirdPerson/Maps/ThirdPersonMap/D/6L/BJTPDB1ODLM67XXPESZQ7U
 |- Actor Path: /Game/ThirdPerson/Maps/ThirdPersonMap.ThirdPersonMap:PersistentLevel.LandscapeStreamingProxy_9CFG22RI8N5R75WZP5VAA7DBH_126_3_3_0
 |- Actor Package: /Game/__ExternalActors__/ThirdPerson/Maps/ThirdPersonMap/A/K1/BOB3KKP9UU0XW1SHAQ92KW
 |- Actor Path: /Game/ThirdPerson/Maps/ThirdPersonMap.ThirdPersonMap:PersistentLevel.PlayerStart_0
 |- Actor Package: /Game/__ExternalActors__/ThirdPerson/Maps/ThirdPersonMap/D/DE/SWSI13675DVYIZ0N4NF7Y3
 |- Actor Path: /Game/ThirdPerson/Maps/ThirdPersonMap.ThirdPersonMap:PersistentLevel.PostProcessVolume_0
 |- Actor Package: /Game/__ExternalActors__/ThirdPerson/Maps/ThirdPersonMap/1/AZ/A7GPT109Y6ZTTJD4A7TXER
 |- Actor Path: /Game/ThirdPerson/Maps/ThirdPersonMap.ThirdPersonMap:PersistentLevel.SkyAtmosphere_0
 |- Actor Package: /Game/__ExternalActors__/ThirdPerson/Maps/ThirdPersonMap/4/LN/30UBDLYFFA5ZR7U4W4L4GG
 |- Actor Path: /Game/ThirdPerson/Maps/ThirdPersonMap.ThirdPersonMap:PersistentLevel.SkyLight_1
 |- Actor Package: /Game/__ExternalActors__/ThirdPerson/Maps/ThirdPersonMap/8/S1/DXUWD12MD3HRWVVXX076BY
 |- Actor Path: /Game/ThirdPerson/Maps/ThirdPersonMap.ThirdPersonMap:PersistentLevel.StaticMeshActor_UAID_A4AE111137DC5EFB00_1110535423
 |- Actor Package: /Game/__ExternalActors__/ThirdPerson/Maps/ThirdPersonMap/4/PN/2QISIGK5DJNQ05US8O8FXW
 |- Actor Path: /Game/ThirdPerson/Maps/ThirdPersonMap.ThirdPersonMap:PersistentLevel.VolumetricCloud_0
 |- Actor Package: /Game/__ExternalActors__/ThirdPerson/Maps/ThirdPersonMap/3/EY/87SHEJN5UBEAN2K5OV1G6R
 |- Actor Path: /Game/ThirdPerson/Maps/ThirdPersonMap.ThirdPersonMap:PersistentLevel.WorldDataLayers
 |- Actor Package: /Game/__ExternalActors__/ThirdPerson/Maps/ThirdPersonMap/0/43/HYQWORMY4JDQ5X3OKZXFLC

----------------------------------------------------------------------------------------------------------------
ThirdPersonMap - Runtime Hash Set
----------------------------------------------------------------------------------------------------------------

