[+] Containers:
 |- [+] Container: /Game/ThirdPerson/Maps/ThirdPersonMap
 |   |- [+] ActorDescs:
 |   |   |- Guid:0F39D47947C517C3D51A1999896E0F14 NativeClass:/Script/Landscape.Landscape Name:Landscape_UAID_088FC366836E3C8502_1773273503 Label:Landscape SpatiallyLoaded:false EditorBounds:IsValid=true, Min=(X=378.000 Y=608.000 Z=0.000), Max=(X=378.000 Y=608.000 Z=0.000) RuntimeBounds:IsValid=true, Min=(X=378.000 Y=608.000 Z=0.000), Max=(X=378.000 Y=608.000 Z=0.000) RuntimeGrid:None EditorOnly:false RuntimeOnly:false HLODRelevant:false ListedInSceneOutliner:true IsMainWorldOnly:false
 |   |   |- Guid:276084594FD51275443DF4ADC714843F NativeClass:/Script/Landscape.LandscapeStreamingProxy Name:LandscapeStreamingProxy_BDUAYFW5DX040FVUYPDS8T97O_126_1_0_0 Label:LandscapeStreamingProxy_1_0_0 SpatiallyLoaded:true EditorBounds:IsValid=true, Min=(X=1449.000 Y=608.000 Z=-6.250), Max=(X=2520.000 Y=1679.000 Z=6.250) RuntimeBounds:IsValid=true, Min=(X=1449.000 Y=608.000 Z=-6.250), Max=(X=2520.000 Y=1679.000 Z=6.250) RuntimeGrid:None EditorOnly:false RuntimeOnly:false HLODRelevant:true ListedInSceneOutliner:true IsMainWorldOnly:false
 |   |   |- Guid:2EE347C94EFA17A91C89E5B7E19C7501 NativeClass:/Script/Landscape.LandscapeStreamingProxy Name:LandscapeStreamingProxy_BDUAYFW5DX040FVUYPDS8T97O_126_0_1_0 Label:LandscapeStreamingProxy_0_1_0 SpatiallyLoaded:true EditorBounds:IsValid=true, Min=(X=378.000 Y=1679.000 Z=-6.250), Max=(X=1449.000 Y=2750.000 Z=6.250) RuntimeBounds:IsValid=true, Min=(X=378.000 Y=1679.000 Z=-6.250), Max=(X=1449.000 Y=2750.000 Z=6.250) RuntimeGrid:None EditorOnly:false RuntimeOnly:false HLODRelevant:true ListedInSceneOutliner:true IsMainWorldOnly:false
 |   |   |- Guid:2FB58999456391D349DC0F86DAC136ED NativeClass:/Script/Engine.SkyLight Name:SkyLight_1 Label:SkyLight SpatiallyLoaded:false EditorBounds:IsValid=true, Min=(X=0.000 Y=0.000 Z=690.000), Max=(X=0.000 Y=0.000 Z=690.000) RuntimeBounds:IsValid=true, Min=(X=0.000 Y=0.000 Z=690.000), Max=(X=0.000 Y=0.000 Z=690.000) RuntimeGrid:None EditorOnly:false RuntimeOnly:false HLODRelevant:false ListedInSceneOutliner:true IsMainWorldOnly:false FolderPath:Lighting FolderGuid:963EC3EB4002CCE9759E2EBA541A873A
 |   |   |- Guid:316CF2A6494ACA4C0E4180A87D36AB8F NativeClass:/Script/Engine.ExponentialHeightFog Name:ExponentialHeightFog_0 Label:ExponentialHeightFog SpatiallyLoaded:false EditorBounds:IsValid=true, Min=(X=-5600.000 Y=-50.000 Z=-6850.000), Max=(X=-5600.000 Y=-50.000 Z=-6850.000) RuntimeBounds:IsValid=true, Min=(X=-5600.000 Y=-50.000 Z=-6850.000), Max=(X=-5600.000 Y=-50.000 Z=-6850.000) RuntimeGrid:None EditorOnly:false RuntimeOnly:false HLODRelevant:false ListedInSceneOutliner:true IsMainWorldOnly:false FolderPath:Lighting FolderGuid:963EC3EB4002CCE9759E2EBA541A873A
 |   |   |- Guid:3A00AA1C422CE54C0BDB60BAF471BFBB NativeClass:/Script/Engine.PlayerStart Name:PlayerStart_0 Label:PlayerStart SpatiallyLoaded:false EditorBounds:IsValid=true, Min=(X=860.000 Y=1070.000 Z=0.013), Max=(X=940.000 Y=1150.000 Z=184.013) RuntimeBounds:IsValid=true, Min=(X=860.000 Y=1070.000 Z=0.013), Max=(X=940.000 Y=1150.000 Z=184.013) RuntimeGrid:None EditorOnly:false RuntimeOnly:false HLODRelevant:false ListedInSceneOutliner:true IsMainWorldOnly:false
 |   |   |- Guid:47E5A8824B5BD6B5A985F0A3496D342B NativeClass:/Script/Landscape.LandscapeStreamingProxy Name:LandscapeStreamingProxy_BDUAYFW5DX040FVUYPDS8T97O_126_3_1_0 Label:LandscapeStreamingProxy_3_1_0 SpatiallyLoaded:true EditorBounds:IsValid=true, Min=(X=3591.000 Y=1679.000 Z=-6.250), Max=(X=4662.000 Y=2750.000 Z=6.250) RuntimeBounds:IsValid=true, Min=(X=3591.000 Y=1679.000 Z=-6.250), Max=(X=4662.000 Y=2750.000 Z=6.250) RuntimeGrid:None EditorOnly:false RuntimeOnly:false HLODRelevant:true ListedInSceneOutliner:true IsMainWorldOnly:false
 |   |   |- Guid:4D3BE93F4146AAAC8BBE79999D96D57F NativeClass:/Script/Engine.VolumetricCloud Name:VolumetricCloud_0 Label:VolumetricCloud SpatiallyLoaded:false EditorBounds:IsValid=true, Min=(X=0.000 Y=0.000 Z=820.000), Max=(X=0.000 Y=0.000 Z=820.000) RuntimeBounds:IsValid=true, Min=(X=0.000 Y=0.000 Z=820.000), Max=(X=0.000 Y=0.000 Z=820.000) RuntimeGrid:None EditorOnly:false RuntimeOnly:false HLODRelevant:false ListedInSceneOutliner:true IsMainWorldOnly:false FolderPath:Lighting FolderGuid:963EC3EB4002CCE9759E2EBA541A873A
 |   |   |- Guid:61F78B8E4132EE01DB89F69B246A95F3 NativeClass:/Script/Landscape.LandscapeStreamingProxy Name:LandscapeStreamingProxy_BDUAYFW5DX040FVUYPDS8T97O_126_3_3_0 Label:LandscapeStreamingProxy_3_3_0 SpatiallyLoaded:true EditorBounds:IsValid=true, Min=(X=3591.000 Y=3821.000 Z=-6.250), Max=(X=4662.000 Y=4892.000 Z=6.250) RuntimeBounds:IsValid=true, Min=(X=3591.000 Y=3821.000 Z=-6.250), Max=(X=4662.000 Y=4892.000 Z=6.250) RuntimeGrid:None EditorOnly:false RuntimeOnly:false HLODRelevant:true ListedInSceneOutliner:true IsMainWorldOnly:false
 |   |   |- Guid:6BAF4DDD444C60371492D3919DB42C97 NativeClass:/Script/Engine.WorldDataLayers Name:WorldDataLayers Label:WorldDataLayers SpatiallyLoaded:false EditorBounds:IsValid=true, Min=(X=0.000 Y=0.000 Z=0.000), Max=(X=0.000 Y=0.000 Z=0.000) RuntimeBounds:IsValid=true, Min=(X=0.000 Y=0.000 Z=0.000), Max=(X=0.000 Y=0.000 Z=0.000) RuntimeGrid:None EditorOnly:false RuntimeOnly:false HLODRelevant:false ListedInSceneOutliner:true IsMainWorldOnly:true
 |   |   |- Guid:76EEF93C403D22D5D37BDDBA58F32D12 NativeClass:/Script/Landscape.LandscapeStreamingProxy Name:LandscapeStreamingProxy_BDUAYFW5DX040FVUYPDS8T97O_126_0_0_0 Label:LandscapeStreamingProxy_0_0_0 SpatiallyLoaded:true EditorBounds:IsValid=true, Min=(X=378.000 Y=608.000 Z=-6.250), Max=(X=1449.000 Y=1679.000 Z=6.250) RuntimeBounds:IsValid=true, Min=(X=378.000 Y=608.000 Z=-6.250), Max=(X=1449.000 Y=1679.000 Z=6.250) RuntimeGrid:None EditorOnly:false RuntimeOnly:false HLODRelevant:true ListedInSceneOutliner:true IsMainWorldOnly:false
 |   |   |- Guid:7B7A8E9A4C0DCCEFA5CC5AA6BE083B5A NativeClass:/Script/Landscape.LandscapeStreamingProxy Name:LandscapeStreamingProxy_BDUAYFW5DX040FVUYPDS8T97O_126_0_3_0 Label:LandscapeStreamingProxy_0_3_0 SpatiallyLoaded:true EditorBounds:IsValid=true, Min=(X=378.000 Y=3821.000 Z=-6.250), Max=(X=1449.000 Y=4892.000 Z=6.250) RuntimeBounds:IsValid=true, Min=(X=378.000 Y=3821.000 Z=-6.250), Max=(X=1449.000 Y=4892.000 Z=6.250) RuntimeGrid:None EditorOnly:false RuntimeOnly:false HLODRelevant:true ListedInSceneOutliner:true IsMainWorldOnly:false
 |   |   |- Guid:8A3D29EB41E13F528761E4813A6E5B8D NativeClass:/Script/Landscape.LandscapeStreamingProxy Name:LandscapeStreamingProxy_BDUAYFW5DX040FVUYPDS8T97O_126_2_3_0 Label:LandscapeStreamingProxy_2_3_0 SpatiallyLoaded:true EditorBounds:IsValid=true, Min=(X=2520.000 Y=3821.000 Z=-6.250), Max=(X=3591.000 Y=4892.000 Z=6.250) RuntimeBounds:IsValid=true, Min=(X=2520.000 Y=3821.000 Z=-6.250), Max=(X=3591.000 Y=4892.000 Z=6.250) RuntimeGrid:None EditorOnly:false RuntimeOnly:false HLODRelevant:true ListedInSceneOutliner:true IsMainWorldOnly:false
 |   |   |- Guid:9D2BF224448A604F77B363AB41D9E0D8 NativeClass:/Script/Landscape.LandscapeStreamingProxy Name:LandscapeStreamingProxy_BDUAYFW5DX040FVUYPDS8T97O_126_3_2_0 Label:LandscapeStreamingProxy_3_2_0 SpatiallyLoaded:true EditorBounds:IsValid=true, Min=(X=3591.000 Y=2750.000 Z=-6.250), Max=(X=4662.000 Y=3821.000 Z=6.250) RuntimeBounds:IsValid=true, Min=(X=3591.000 Y=2750.000 Z=-6.250), Max=(X=4662.000 Y=3821.000 Z=6.250) RuntimeGrid:None EditorOnly:false RuntimeOnly:false HLODRelevant:true ListedInSceneOutliner:true IsMainWorldOnly:false
 |   |   |- Guid:A054687143F56CA882133899AED4CCF8 NativeClass:/Script/Landscape.LandscapeStreamingProxy Name:LandscapeStreamingProxy_BDUAYFW5DX040FVUYPDS8T97O_126_1_1_0 Label:LandscapeStreamingProxy_1_1_0 SpatiallyLoaded:true EditorBounds:IsValid=true, Min=(X=1449.000 Y=1679.000 Z=-6.250), Max=(X=2520.000 Y=2750.000 Z=6.250) RuntimeBounds:IsValid=true, Min=(X=1449.000 Y=1679.000 Z=-6.250), Max=(X=2520.000 Y=2750.000 Z=6.250) RuntimeGrid:None EditorOnly:false RuntimeOnly:false HLODRelevant:true ListedInSceneOutliner:true IsMainWorldOnly:false
 |   |   |- Guid:A36115944E4D359C038111BC0CC6FCC5 NativeClass:/Script/Landscape.LandscapeStreamingProxy Name:LandscapeStreamingProxy_BDUAYFW5DX040FVUYPDS8T97O_126_1_3_0 Label:LandscapeStreamingProxy_1_3_0 SpatiallyLoaded:true EditorBounds:IsValid=true, Min=(X=1449.000 Y=3821.000 Z=-6.250), Max=(X=2520.000 Y=4892.000 Z=6.250) RuntimeBounds:IsValid=true, Min=(X=1449.000 Y=3821.000 Z=-6.250), Max=(X=2520.000 Y=4892.000 Z=6.250) RuntimeGrid:None EditorOnly:false RuntimeOnly:false HLODRelevant:true ListedInSceneOutliner:true IsMainWorldOnly:false
 |   |   |- Guid:B785ED2844B84CFB91E7F39FE661CD99 NativeClass:/Script/Engine.DirectionalLight Name:DirectionalLight_0 Label:DirectionalLight SpatiallyLoaded:false EditorBounds:IsValid=true, Min=(X=-1048576.000 Y=-1048576.000 Z=-1048576.000), Max=(X=1048576.000 Y=1048576.000 Z=1048576.000) RuntimeBounds:IsValid=true, Min=(X=-1048576.000 Y=-1048576.000 Z=-1048576.000), Max=(X=1048576.000 Y=1048576.000 Z=1048576.000) RuntimeGrid:None EditorOnly:false RuntimeOnly:false HLODRelevant:false ListedInSceneOutliner:true IsMainWorldOnly:false FolderPath:Lighting FolderGuid:963EC3EB4002CCE9759E2EBA541A873A
 |   |   |- Guid:BD8D64FF414592F91021769E5EBDE931 NativeClass:/Script/Landscape.LandscapeStreamingProxy Name:LandscapeStreamingProxy_BDUAYFW5DX040FVUYPDS8T97O_126_2_0_0 Label:LandscapeStreamingProxy_2_0_0 SpatiallyLoaded:true EditorBounds:IsValid=true, Min=(X=2520.000 Y=608.000 Z=-6.250), Max=(X=3591.000 Y=1679.000 Z=6.250) RuntimeBounds:IsValid=true, Min=(X=2520.000 Y=608.000 Z=-6.250), Max=(X=3591.000 Y=1679.000 Z=6.250) RuntimeGrid:None EditorOnly:false RuntimeOnly:false HLODRelevant:true ListedInSceneOutliner:true IsMainWorldOnly:false
 |   |   |- Guid:CCFF262C46EEFFDF319E7F9539CE697E NativeClass:/Script/Engine.SkyAtmosphere Name:SkyAtmosphere_0 Label:SkyAtmosphere SpatiallyLoaded:false EditorBounds:IsValid=true, Min=(X=0.000 Y=0.000 Z=1020.000), Max=(X=0.000 Y=0.000 Z=1020.000) RuntimeBounds:IsValid=true, Min=(X=0.000 Y=0.000 Z=1020.000), Max=(X=0.000 Y=0.000 Z=1020.000) RuntimeGrid:None EditorOnly:false RuntimeOnly:false HLODRelevant:false ListedInSceneOutliner:true IsMainWorldOnly:false FolderPath:Lighting FolderGuid:963EC3EB4002CCE9759E2EBA541A873A
 |   |   |- Guid:DCC6A7C1438004230775B59AD8388463 NativeClass:/Script/Landscape.LandscapeStreamingProxy Name:LandscapeStreamingProxy_BDUAYFW5DX040FVUYPDS8T97O_126_0_2_0 Label:LandscapeStreamingProxy_0_2_0 SpatiallyLoaded:true EditorBounds:IsValid=true, Min=(X=378.000 Y=2750.000 Z=-6.250), Max=(X=1449.000 Y=3821.000 Z=6.250) RuntimeBounds:IsValid=true, Min=(X=378.000 Y=2750.000 Z=-6.250), Max=(X=1449.000 Y=3821.000 Z=6.250) RuntimeGrid:None EditorOnly:false RuntimeOnly:false HLODRelevant:true ListedInSceneOutliner:true IsMainWorldOnly:false
 |   |   |- Guid:E97325FA471EAB23D2CBDD8B7D03FAF5 NativeClass:/Script/Landscape.LandscapeStreamingProxy Name:LandscapeStreamingProxy_BDUAYFW5DX040FVUYPDS8T97O_126_1_2_0 Label:LandscapeStreamingProxy_1_2_0 SpatiallyLoaded:true EditorBounds:IsValid=true, Min=(X=1449.000 Y=2750.000 Z=-6.250), Max=(X=2520.000 Y=3821.000 Z=6.250) RuntimeBounds:IsValid=true, Min=(X=1449.000 Y=2750.000 Z=-6.250), Max=(X=2520.000 Y=3821.000 Z=6.250) RuntimeGrid:None EditorOnly:false RuntimeOnly:false HLODRelevant:true ListedInSceneOutliner:true IsMainWorldOnly:false
 |   |   |- Guid:EC4E0C944CE6AC6E784BC6BB2916EA13 NativeClass:/Script/Engine.StaticMeshActor Name:StaticMeshActor_UAID_A4AE111137DC5EFB00_1110535423 Label:SM_SkySphere SpatiallyLoaded:false EditorBounds:IsValid=true, Min=(X=-1638400.000 Y=-1638400.000 Z=-1638400.000), Max=(X=1638400.000 Y=1638400.000 Z=1638400.000) RuntimeBounds:IsValid=true, Min=(X=-1638400.000 Y=-1638400.000 Z=-1638400.000), Max=(X=1638400.000 Y=1638400.000 Z=1638400.000) RuntimeGrid:None EditorOnly:false RuntimeOnly:false HLODRelevant:true ListedInSceneOutliner:true IsMainWorldOnly:false FolderPath:Lighting FolderGuid:963EC3EB4002CCE9759E2EBA541A873A
 |   |   |- Guid:F57ABE924D3E467939A4309E0F513398 NativeClass:/Script/Landscape.LandscapeStreamingProxy Name:LandscapeStreamingProxy_BDUAYFW5DX040FVUYPDS8T97O_126_3_0_0 Label:LandscapeStreamingProxy_3_0_0 SpatiallyLoaded:true EditorBounds:IsValid=true, Min=(X=3591.000 Y=608.000 Z=-6.250), Max=(X=4662.000 Y=1679.000 Z=6.250) RuntimeBounds:IsValid=true, Min=(X=3591.000 Y=608.000 Z=-6.250), Max=(X=4662.000 Y=1679.000 Z=6.250) RuntimeGrid:None EditorOnly:false RuntimeOnly:false HLODRelevant:true ListedInSceneOutliner:true IsMainWorldOnly:false
 |   |   |- Guid:F5E3FEB3450C49844FD93DA8E083C8AD NativeClass:/Script/Engine.PostProcessVolume Name:PostProcessVolume_0 Label:PostProcessVolume SpatiallyLoaded:false EditorBounds:IsValid=true, Min=(X=0.000 Y=0.000 Z=400.000), Max=(X=200.000 Y=200.000 Z=600.000) RuntimeBounds:IsValid=true, Min=(X=0.000 Y=0.000 Z=400.000), Max=(X=200.000 Y=200.000 Z=600.000) RuntimeGrid:None EditorOnly:false RuntimeOnly:false HLODRelevant:false ListedInSceneOutliner:true IsMainWorldOnly:false FolderPath:Lighting FolderGuid:963EC3EB4002CCE9759E2EBA541A873A
 |   |   |- Guid:FA040AF349814EBB142A478CC61C95EC NativeClass:/Script/Landscape.LandscapeStreamingProxy Name:LandscapeStreamingProxy_BDUAYFW5DX040FVUYPDS8T97O_126_2_2_0 Label:LandscapeStreamingProxy_2_2_0 SpatiallyLoaded:true EditorBounds:IsValid=true, Min=(X=2520.000 Y=2750.000 Z=-6.250), Max=(X=3591.000 Y=3821.000 Z=6.250) RuntimeBounds:IsValid=true, Min=(X=2520.000 Y=2750.000 Z=-6.250), Max=(X=3591.000 Y=3821.000 Z=6.250) RuntimeGrid:None EditorOnly:false RuntimeOnly:false HLODRelevant:true ListedInSceneOutliner:true IsMainWorldOnly:false
 |   |   |- Guid:FCDDDB61468E3E25553BB78A79FB0FF4 NativeClass:/Script/Landscape.LandscapeStreamingProxy Name:LandscapeStreamingProxy_BDUAYFW5DX040FVUYPDS8T97O_126_2_1_0 Label:LandscapeStreamingProxy_2_1_0 SpatiallyLoaded:true EditorBounds:IsValid=true, Min=(X=2520.000 Y=1679.000 Z=-6.250), Max=(X=3591.000 Y=2750.000 Z=6.250) RuntimeBounds:IsValid=true, Min=(X=2520.000 Y=1679.000 Z=-6.250), Max=(X=3591.000 Y=2750.000 Z=6.250) RuntimeGrid:None EditorOnly:false RuntimeOnly:false HLODRelevant:true ListedInSceneOutliner:true IsMainWorldOnly:false
 |   |- [+] Clusters:
 |   |   |- [+] [  0]
 |   |   |   |- Guid:0F39D47947C517C3D51A1999896E0F14 NativeClass:/Script/Landscape.Landscape Name:Landscape_UAID_088FC366836E3C8502_1773273503 Label:Landscape SpatiallyLoaded:false EditorBounds:IsValid=true, Min=(X=378.000 Y=608.000 Z=0.000), Max=(X=378.000 Y=608.000 Z=0.000) RuntimeBounds:IsValid=true, Min=(X=378.000 Y=608.000 Z=0.000), Max=(X=378.000 Y=608.000 Z=0.000) RuntimeGrid:None EditorOnly:false RuntimeOnly:false HLODRelevant:false ListedInSceneOutliner:true IsMainWorldOnly:false
 |   |   |- [+] [  1]
 |   |   |   |- Guid:276084594FD51275443DF4ADC714843F NativeClass:/Script/Landscape.LandscapeStreamingProxy Name:LandscapeStreamingProxy_BDUAYFW5DX040FVUYPDS8T97O_126_1_0_0 Label:LandscapeStreamingProxy_1_0_0 SpatiallyLoaded:true EditorBounds:IsValid=true, Min=(X=1449.000 Y=608.000 Z=-6.250), Max=(X=2520.000 Y=1679.000 Z=6.250) RuntimeBounds:IsValid=true, Min=(X=1449.000 Y=608.000 Z=-6.250), Max=(X=2520.000 Y=1679.000 Z=6.250) RuntimeGrid:None EditorOnly:false RuntimeOnly:false HLODRelevant:true ListedInSceneOutliner:true IsMainWorldOnly:false
 |   |   |- [+] [  2]
 |   |   |   |- Guid:2EE347C94EFA17A91C89E5B7E19C7501 NativeClass:/Script/Landscape.LandscapeStreamingProxy Name:LandscapeStreamingProxy_BDUAYFW5DX040FVUYPDS8T97O_126_0_1_0 Label:LandscapeStreamingProxy_0_1_0 SpatiallyLoaded:true EditorBounds:IsValid=true, Min=(X=378.000 Y=1679.000 Z=-6.250), Max=(X=1449.000 Y=2750.000 Z=6.250) RuntimeBounds:IsValid=true, Min=(X=378.000 Y=1679.000 Z=-6.250), Max=(X=1449.000 Y=2750.000 Z=6.250) RuntimeGrid:None EditorOnly:false RuntimeOnly:false HLODRelevant:true ListedInSceneOutliner:true IsMainWorldOnly:false
 |   |   |- [+] [  3]
 |   |   |   |- Guid:2FB58999456391D349DC0F86DAC136ED NativeClass:/Script/Engine.SkyLight Name:SkyLight_1 Label:SkyLight SpatiallyLoaded:false EditorBounds:IsValid=true, Min=(X=0.000 Y=0.000 Z=690.000), Max=(X=0.000 Y=0.000 Z=690.000) RuntimeBounds:IsValid=true, Min=(X=0.000 Y=0.000 Z=690.000), Max=(X=0.000 Y=0.000 Z=690.000) RuntimeGrid:None EditorOnly:false RuntimeOnly:false HLODRelevant:false ListedInSceneOutliner:true IsMainWorldOnly:false FolderPath:Lighting FolderGuid:963EC3EB4002CCE9759E2EBA541A873A
 |   |   |- [+] [  4]
 |   |   |   |- Guid:316CF2A6494ACA4C0E4180A87D36AB8F NativeClass:/Script/Engine.ExponentialHeightFog Name:ExponentialHeightFog_0 Label:ExponentialHeightFog SpatiallyLoaded:false EditorBounds:IsValid=true, Min=(X=-5600.000 Y=-50.000 Z=-6850.000), Max=(X=-5600.000 Y=-50.000 Z=-6850.000) RuntimeBounds:IsValid=true, Min=(X=-5600.000 Y=-50.000 Z=-6850.000), Max=(X=-5600.000 Y=-50.000 Z=-6850.000) RuntimeGrid:None EditorOnly:false RuntimeOnly:false HLODRelevant:false ListedInSceneOutliner:true IsMainWorldOnly:false FolderPath:Lighting FolderGuid:963EC3EB4002CCE9759E2EBA541A873A
 |   |   |- [+] [  5]
 |   |   |   |- Guid:3A00AA1C422CE54C0BDB60BAF471BFBB NativeClass:/Script/Engine.PlayerStart Name:PlayerStart_0 Label:PlayerStart SpatiallyLoaded:false EditorBounds:IsValid=true, Min=(X=860.000 Y=1070.000 Z=0.013), Max=(X=940.000 Y=1150.000 Z=184.013) RuntimeBounds:IsValid=true, Min=(X=860.000 Y=1070.000 Z=0.013), Max=(X=940.000 Y=1150.000 Z=184.013) RuntimeGrid:None EditorOnly:false RuntimeOnly:false HLODRelevant:false ListedInSceneOutliner:true IsMainWorldOnly:false
 |   |   |- [+] [  6]
 |   |   |   |- Guid:47E5A8824B5BD6B5A985F0A3496D342B NativeClass:/Script/Landscape.LandscapeStreamingProxy Name:LandscapeStreamingProxy_BDUAYFW5DX040FVUYPDS8T97O_126_3_1_0 Label:LandscapeStreamingProxy_3_1_0 SpatiallyLoaded:true EditorBounds:IsValid=true, Min=(X=3591.000 Y=1679.000 Z=-6.250), Max=(X=4662.000 Y=2750.000 Z=6.250) RuntimeBounds:IsValid=true, Min=(X=3591.000 Y=1679.000 Z=-6.250), Max=(X=4662.000 Y=2750.000 Z=6.250) RuntimeGrid:None EditorOnly:false RuntimeOnly:false HLODRelevant:true ListedInSceneOutliner:true IsMainWorldOnly:false
 |   |   |- [+] [  7]
 |   |   |   |- Guid:4D3BE93F4146AAAC8BBE79999D96D57F NativeClass:/Script/Engine.VolumetricCloud Name:VolumetricCloud_0 Label:VolumetricCloud SpatiallyLoaded:false EditorBounds:IsValid=true, Min=(X=0.000 Y=0.000 Z=820.000), Max=(X=0.000 Y=0.000 Z=820.000) RuntimeBounds:IsValid=true, Min=(X=0.000 Y=0.000 Z=820.000), Max=(X=0.000 Y=0.000 Z=820.000) RuntimeGrid:None EditorOnly:false RuntimeOnly:false HLODRelevant:false ListedInSceneOutliner:true IsMainWorldOnly:false FolderPath:Lighting FolderGuid:963EC3EB4002CCE9759E2EBA541A873A
 |   |   |- [+] [  8]
 |   |   |   |- Guid:61F78B8E4132EE01DB89F69B246A95F3 NativeClass:/Script/Landscape.LandscapeStreamingProxy Name:LandscapeStreamingProxy_BDUAYFW5DX040FVUYPDS8T97O_126_3_3_0 Label:LandscapeStreamingProxy_3_3_0 SpatiallyLoaded:true EditorBounds:IsValid=true, Min=(X=3591.000 Y=3821.000 Z=-6.250), Max=(X=4662.000 Y=4892.000 Z=6.250) RuntimeBounds:IsValid=true, Min=(X=3591.000 Y=3821.000 Z=-6.250), Max=(X=4662.000 Y=4892.000 Z=6.250) RuntimeGrid:None EditorOnly:false RuntimeOnly:false HLODRelevant:true ListedInSceneOutliner:true IsMainWorldOnly:false
 |   |   |- [+] [  9]
 |   |   |   |- Guid:6BAF4DDD444C60371492D3919DB42C97 NativeClass:/Script/Engine.WorldDataLayers Name:WorldDataLayers Label:WorldDataLayers SpatiallyLoaded:false EditorBounds:IsValid=true, Min=(X=0.000 Y=0.000 Z=0.000), Max=(X=0.000 Y=0.000 Z=0.000) RuntimeBounds:IsValid=true, Min=(X=0.000 Y=0.000 Z=0.000), Max=(X=0.000 Y=0.000 Z=0.000) RuntimeGrid:None EditorOnly:false RuntimeOnly:false HLODRelevant:false ListedInSceneOutliner:true IsMainWorldOnly:true
 |   |   |- [+] [ 10]
 |   |   |   |- Guid:76EEF93C403D22D5D37BDDBA58F32D12 NativeClass:/Script/Landscape.LandscapeStreamingProxy Name:LandscapeStreamingProxy_BDUAYFW5DX040FVUYPDS8T97O_126_0_0_0 Label:LandscapeStreamingProxy_0_0_0 SpatiallyLoaded:true EditorBounds:IsValid=true, Min=(X=378.000 Y=608.000 Z=-6.250), Max=(X=1449.000 Y=1679.000 Z=6.250) RuntimeBounds:IsValid=true, Min=(X=378.000 Y=608.000 Z=-6.250), Max=(X=1449.000 Y=1679.000 Z=6.250) RuntimeGrid:None EditorOnly:false RuntimeOnly:false HLODRelevant:true ListedInSceneOutliner:true IsMainWorldOnly:false
 |   |   |- [+] [ 11]
 |   |   |   |- Guid:7B7A8E9A4C0DCCEFA5CC5AA6BE083B5A NativeClass:/Script/Landscape.LandscapeStreamingProxy Name:LandscapeStreamingProxy_BDUAYFW5DX040FVUYPDS8T97O_126_0_3_0 Label:LandscapeStreamingProxy_0_3_0 SpatiallyLoaded:true EditorBounds:IsValid=true, Min=(X=378.000 Y=3821.000 Z=-6.250), Max=(X=1449.000 Y=4892.000 Z=6.250) RuntimeBounds:IsValid=true, Min=(X=378.000 Y=3821.000 Z=-6.250), Max=(X=1449.000 Y=4892.000 Z=6.250) RuntimeGrid:None EditorOnly:false RuntimeOnly:false HLODRelevant:true ListedInSceneOutliner:true IsMainWorldOnly:false
 |   |   |- [+] [ 12]
 |   |   |   |- Guid:8A3D29EB41E13F528761E4813A6E5B8D NativeClass:/Script/Landscape.LandscapeStreamingProxy Name:LandscapeStreamingProxy_BDUAYFW5DX040FVUYPDS8T97O_126_2_3_0 Label:LandscapeStreamingProxy_2_3_0 SpatiallyLoaded:true EditorBounds:IsValid=true, Min=(X=2520.000 Y=3821.000 Z=-6.250), Max=(X=3591.000 Y=4892.000 Z=6.250) RuntimeBounds:IsValid=true, Min=(X=2520.000 Y=3821.000 Z=-6.250), Max=(X=3591.000 Y=4892.000 Z=6.250) RuntimeGrid:None EditorOnly:false RuntimeOnly:false HLODRelevant:true ListedInSceneOutliner:true IsMainWorldOnly:false
 |   |   |- [+] [ 13]
 |   |   |   |- Guid:9D2BF224448A604F77B363AB41D9E0D8 NativeClass:/Script/Landscape.LandscapeStreamingProxy Name:LandscapeStreamingProxy_BDUAYFW5DX040FVUYPDS8T97O_126_3_2_0 Label:LandscapeStreamingProxy_3_2_0 SpatiallyLoaded:true EditorBounds:IsValid=true, Min=(X=3591.000 Y=2750.000 Z=-6.250), Max=(X=4662.000 Y=3821.000 Z=6.250) RuntimeBounds:IsValid=true, Min=(X=3591.000 Y=2750.000 Z=-6.250), Max=(X=4662.000 Y=3821.000 Z=6.250) RuntimeGrid:None EditorOnly:false RuntimeOnly:false HLODRelevant:true ListedInSceneOutliner:true IsMainWorldOnly:false
 |   |   |- [+] [ 14]
 |   |   |   |- Guid:A054687143F56CA882133899AED4CCF8 NativeClass:/Script/Landscape.LandscapeStreamingProxy Name:LandscapeStreamingProxy_BDUAYFW5DX040FVUYPDS8T97O_126_1_1_0 Label:LandscapeStreamingProxy_1_1_0 SpatiallyLoaded:true EditorBounds:IsValid=true, Min=(X=1449.000 Y=1679.000 Z=-6.250), Max=(X=2520.000 Y=2750.000 Z=6.250) RuntimeBounds:IsValid=true, Min=(X=1449.000 Y=1679.000 Z=-6.250), Max=(X=2520.000 Y=2750.000 Z=6.250) RuntimeGrid:None EditorOnly:false RuntimeOnly:false HLODRelevant:true ListedInSceneOutliner:true IsMainWorldOnly:false
 |   |   |- [+] [ 15]
 |   |   |   |- Guid:A36115944E4D359C038111BC0CC6FCC5 NativeClass:/Script/Landscape.LandscapeStreamingProxy Name:LandscapeStreamingProxy_BDUAYFW5DX040FVUYPDS8T97O_126_1_3_0 Label:LandscapeStreamingProxy_1_3_0 SpatiallyLoaded:true EditorBounds:IsValid=true, Min=(X=1449.000 Y=3821.000 Z=-6.250), Max=(X=2520.000 Y=4892.000 Z=6.250) RuntimeBounds:IsValid=true, Min=(X=1449.000 Y=3821.000 Z=-6.250), Max=(X=2520.000 Y=4892.000 Z=6.250) RuntimeGrid:None EditorOnly:false RuntimeOnly:false HLODRelevant:true ListedInSceneOutliner:true IsMainWorldOnly:false
 |   |   |- [+] [ 16]
 |   |   |   |- Guid:B785ED2844B84CFB91E7F39FE661CD99 NativeClass:/Script/Engine.DirectionalLight Name:DirectionalLight_0 Label:DirectionalLight SpatiallyLoaded:false EditorBounds:IsValid=true, Min=(X=-1048576.000 Y=-1048576.000 Z=-1048576.000), Max=(X=1048576.000 Y=1048576.000 Z=1048576.000) RuntimeBounds:IsValid=true, Min=(X=-1048576.000 Y=-1048576.000 Z=-1048576.000), Max=(X=1048576.000 Y=1048576.000 Z=1048576.000) RuntimeGrid:None EditorOnly:false RuntimeOnly:false HLODRelevant:false ListedInSceneOutliner:true IsMainWorldOnly:false FolderPath:Lighting FolderGuid:963EC3EB4002CCE9759E2EBA541A873A
 |   |   |- [+] [ 17]
 |   |   |   |- Guid:BD8D64FF414592F91021769E5EBDE931 NativeClass:/Script/Landscape.LandscapeStreamingProxy Name:LandscapeStreamingProxy_BDUAYFW5DX040FVUYPDS8T97O_126_2_0_0 Label:LandscapeStreamingProxy_2_0_0 SpatiallyLoaded:true EditorBounds:IsValid=true, Min=(X=2520.000 Y=608.000 Z=-6.250), Max=(X=3591.000 Y=1679.000 Z=6.250) RuntimeBounds:IsValid=true, Min=(X=2520.000 Y=608.000 Z=-6.250), Max=(X=3591.000 Y=1679.000 Z=6.250) RuntimeGrid:None EditorOnly:false RuntimeOnly:false HLODRelevant:true ListedInSceneOutliner:true IsMainWorldOnly:false
 |   |   |- [+] [ 18]
 |   |   |   |- Guid:CCFF262C46EEFFDF319E7F9539CE697E NativeClass:/Script/Engine.SkyAtmosphere Name:SkyAtmosphere_0 Label:SkyAtmosphere SpatiallyLoaded:false EditorBounds:IsValid=true, Min=(X=0.000 Y=0.000 Z=1020.000), Max=(X=0.000 Y=0.000 Z=1020.000) RuntimeBounds:IsValid=true, Min=(X=0.000 Y=0.000 Z=1020.000), Max=(X=0.000 Y=0.000 Z=1020.000) RuntimeGrid:None EditorOnly:false RuntimeOnly:false HLODRelevant:false ListedInSceneOutliner:true IsMainWorldOnly:false FolderPath:Lighting FolderGuid:963EC3EB4002CCE9759E2EBA541A873A
 |   |   |- [+] [ 19]
 |   |   |   |- Guid:DCC6A7C1438004230775B59AD8388463 NativeClass:/Script/Landscape.LandscapeStreamingProxy Name:LandscapeStreamingProxy_BDUAYFW5DX040FVUYPDS8T97O_126_0_2_0 Label:LandscapeStreamingProxy_0_2_0 SpatiallyLoaded:true EditorBounds:IsValid=true, Min=(X=378.000 Y=2750.000 Z=-6.250), Max=(X=1449.000 Y=3821.000 Z=6.250) RuntimeBounds:IsValid=true, Min=(X=378.000 Y=2750.000 Z=-6.250), Max=(X=1449.000 Y=3821.000 Z=6.250) RuntimeGrid:None EditorOnly:false RuntimeOnly:false HLODRelevant:true ListedInSceneOutliner:true IsMainWorldOnly:false
 |   |   |- [+] [ 20]
 |   |   |   |- Guid:E97325FA471EAB23D2CBDD8B7D03FAF5 NativeClass:/Script/Landscape.LandscapeStreamingProxy Name:LandscapeStreamingProxy_BDUAYFW5DX040FVUYPDS8T97O_126_1_2_0 Label:LandscapeStreamingProxy_1_2_0 SpatiallyLoaded:true EditorBounds:IsValid=true, Min=(X=1449.000 Y=2750.000 Z=-6.250), Max=(X=2520.000 Y=3821.000 Z=6.250) RuntimeBounds:IsValid=true, Min=(X=1449.000 Y=2750.000 Z=-6.250), Max=(X=2520.000 Y=3821.000 Z=6.250) RuntimeGrid:None EditorOnly:false RuntimeOnly:false HLODRelevant:true ListedInSceneOutliner:true IsMainWorldOnly:false
 |   |   |- [+] [ 21]
 |   |   |   |- Guid:EC4E0C944CE6AC6E784BC6BB2916EA13 NativeClass:/Script/Engine.StaticMeshActor Name:StaticMeshActor_UAID_A4AE111137DC5EFB00_1110535423 Label:SM_SkySphere SpatiallyLoaded:false EditorBounds:IsValid=true, Min=(X=-1638400.000 Y=-1638400.000 Z=-1638400.000), Max=(X=1638400.000 Y=1638400.000 Z=1638400.000) RuntimeBounds:IsValid=true, Min=(X=-1638400.000 Y=-1638400.000 Z=-1638400.000), Max=(X=1638400.000 Y=1638400.000 Z=1638400.000) RuntimeGrid:None EditorOnly:false RuntimeOnly:false HLODRelevant:true ListedInSceneOutliner:true IsMainWorldOnly:false FolderPath:Lighting FolderGuid:963EC3EB4002CCE9759E2EBA541A873A
 |   |   |- [+] [ 22]
 |   |   |   |- Guid:F57ABE924D3E467939A4309E0F513398 NativeClass:/Script/Landscape.LandscapeStreamingProxy Name:LandscapeStreamingProxy_BDUAYFW5DX040FVUYPDS8T97O_126_3_0_0 Label:LandscapeStreamingProxy_3_0_0 SpatiallyLoaded:true EditorBounds:IsValid=true, Min=(X=3591.000 Y=608.000 Z=-6.250), Max=(X=4662.000 Y=1679.000 Z=6.250) RuntimeBounds:IsValid=true, Min=(X=3591.000 Y=608.000 Z=-6.250), Max=(X=4662.000 Y=1679.000 Z=6.250) RuntimeGrid:None EditorOnly:false RuntimeOnly:false HLODRelevant:true ListedInSceneOutliner:true IsMainWorldOnly:false
 |   |   |- [+] [ 23]
 |   |   |   |- Guid:F5E3FEB3450C49844FD93DA8E083C8AD NativeClass:/Script/Engine.PostProcessVolume Name:PostProcessVolume_0 Label:PostProcessVolume SpatiallyLoaded:false EditorBounds:IsValid=true, Min=(X=0.000 Y=0.000 Z=400.000), Max=(X=200.000 Y=200.000 Z=600.000) RuntimeBounds:IsValid=true, Min=(X=0.000 Y=0.000 Z=400.000), Max=(X=200.000 Y=200.000 Z=600.000) RuntimeGrid:None EditorOnly:false RuntimeOnly:false HLODRelevant:false ListedInSceneOutliner:true IsMainWorldOnly:false FolderPath:Lighting FolderGuid:963EC3EB4002CCE9759E2EBA541A873A
 |   |   |- [+] [ 24]
 |   |   |   |- Guid:FA040AF349814EBB142A478CC61C95EC NativeClass:/Script/Landscape.LandscapeStreamingProxy Name:LandscapeStreamingProxy_BDUAYFW5DX040FVUYPDS8T97O_126_2_2_0 Label:LandscapeStreamingProxy_2_2_0 SpatiallyLoaded:true EditorBounds:IsValid=true, Min=(X=2520.000 Y=2750.000 Z=-6.250), Max=(X=3591.000 Y=3821.000 Z=6.250) RuntimeBounds:IsValid=true, Min=(X=2520.000 Y=2750.000 Z=-6.250), Max=(X=3591.000 Y=3821.000 Z=6.250) RuntimeGrid:None EditorOnly:false RuntimeOnly:false HLODRelevant:true ListedInSceneOutliner:true IsMainWorldOnly:false
 |   |   |- [+] [ 25]
 |   |   |   |- Guid:FCDDDB61468E3E25553BB78A79FB0FF4 NativeClass:/Script/Landscape.LandscapeStreamingProxy Name:LandscapeStreamingProxy_BDUAYFW5DX040FVUYPDS8T97O_126_2_1_0 Label:LandscapeStreamingProxy_2_1_0 SpatiallyLoaded:true EditorBounds:IsValid=true, Min=(X=2520.000 Y=1679.000 Z=-6.250), Max=(X=3591.000 Y=2750.000 Z=6.250) RuntimeBounds:IsValid=true, Min=(X=2520.000 Y=1679.000 Z=-6.250), Max=(X=3591.000 Y=2750.000 Z=6.250) RuntimeGrid:None EditorOnly:false RuntimeOnly:false HLODRelevant:true ListedInSceneOutliner:true IsMainWorldOnly:false
 |- ContainerInstances:
 |- [+] MainContainer:
 |   |-        ID: 00000000000000000000000000000000
 |   |-  ParentID: 00000000000000000000000000000000
 |   |-    Bounds: IsValid=false, Min=(X=0.000 Y=0.000 Z=0.000), Max=(X=0.000 Y=0.000 Z=0.000)
 |   |- Transform: 0.000000,0.000000,0.000000|0.000000,0.000000,-0.000000|1.000000,1.000000,1.000000
 |   |- Container: /Game/ThirdPerson/Maps/ThirdPersonMap
----------------------------------------------------------------------------------------------------------------
ThirdPersonMap - Persistent Level
----------------------------------------------------------------------------------------------------------------
[+] Content of ThirdPersonMap Persistent Level
 |- Always loaded Actor Count: 26 
 |- Actor Path: /Game/ThirdPerson/Maps/ThirdPersonMap.ThirdPersonMap:PersistentLevel.DirectionalLight_0
 |- Actor Package: /Game/__ExternalActors__/ThirdPerson/Maps/ThirdPersonMap/5/R1/TS5OQ5CRUWFZYL1ZQ7I416
 |- Actor Path: /Game/ThirdPerson/Maps/ThirdPersonMap.ThirdPersonMap:PersistentLevel.ExponentialHeightFog_0
 |- Actor Package: /Game/__ExternalActors__/ThirdPerson/Maps/ThirdPersonMap/6/J7/N10XDC9G27EMLS5AGZ6AVV
 |- Actor Path: /Game/ThirdPerson/Maps/ThirdPersonMap.ThirdPersonMap:PersistentLevel.Landscape_UAID_088FC366836E3C8502_1773273503
 |- Actor Package: /Game/__ExternalActors__/ThirdPerson/Maps/ThirdPersonMap/E/LQ/IBU7BGDPUF17S4ZS967KKZ
 |- Actor Path: /Game/ThirdPerson/Maps/ThirdPersonMap.ThirdPersonMap:PersistentLevel.LandscapeStreamingProxy_BDUAYFW5DX040FVUYPDS8T97O_126_0_0_0
 |- Actor Package: /Game/__ExternalActors__/ThirdPerson/Maps/ThirdPersonMap/7/MQ/DCPQAL6MDDDO9NRQTTYKH3
 |- Actor Path: /Game/ThirdPerson/Maps/ThirdPersonMap.ThirdPersonMap:PersistentLevel.LandscapeStreamingProxy_BDUAYFW5DX040FVUYPDS8T97O_126_0_1_0
 |- Actor Package: /Game/__ExternalActors__/ThirdPerson/Maps/ThirdPersonMap/E/6P/H9VPDVOT52NRYYWVSC1MXP
 |- Actor Path: /Game/ThirdPerson/Maps/ThirdPersonMap.ThirdPersonMap:PersistentLevel.LandscapeStreamingProxy_BDUAYFW5DX040FVUYPDS8T97O_126_0_2_0
 |- Actor Package: /Game/__ExternalActors__/ThirdPerson/Maps/ThirdPersonMap/B/DN/GTS0YZFBAEY9D13MVTPCL9
 |- Actor Path: /Game/ThirdPerson/Maps/ThirdPersonMap.ThirdPersonMap:PersistentLevel.LandscapeStreamingProxy_BDUAYFW5DX040FVUYPDS8T97O_126_0_3_0
 |- Actor Package: /Game/__ExternalActors__/ThirdPerson/Maps/ThirdPersonMap/D/68/NOT5ISIXQDN6UWFYY89D5I
 |- Actor Path: /Game/ThirdPerson/Maps/ThirdPersonMap.ThirdPersonMap:PersistentLevel.LandscapeStreamingProxy_BDUAYFW5DX040FVUYPDS8T97O_126_1_0_0
 |- Actor Package: /Game/__ExternalActors__/ThirdPerson/Maps/ThirdPersonMap/0/W3/L5Y4URPWVUZASQE6SIQ10B
 |- Actor Path: /Game/ThirdPerson/Maps/ThirdPersonMap.ThirdPersonMap:PersistentLevel.LandscapeStreamingProxy_BDUAYFW5DX040FVUYPDS8T97O_126_1_1_0
 |- Actor Package: /Game/__ExternalActors__/ThirdPerson/Maps/ThirdPersonMap/2/HF/169H1RWSHUE3NR4KVRLX9A
 |- Actor Path: /Game/ThirdPerson/Maps/ThirdPersonMap.ThirdPersonMap:PersistentLevel.LandscapeStreamingProxy_BDUAYFW5DX040FVUYPDS8T97O_126_1_2_0
 |- Actor Package: /Game/__ExternalActors__/ThirdPerson/Maps/ThirdPersonMap/6/FO/DJD50HU4YPBVMEPDXWR47R
 |- Actor Path: /Game/ThirdPerson/Maps/ThirdPersonMap.ThirdPersonMap:PersistentLevel.LandscapeStreamingProxy_BDUAYFW5DX040FVUYPDS8T97O_126_1_3_0
 |- Actor Package: /Game/__ExternalActors__/ThirdPerson/Maps/ThirdPersonMap/B/H5/T1C3MVMKHYZ924G4H2W0QA
 |- Actor Path: /Game/ThirdPerson/Maps/ThirdPersonMap.ThirdPersonMap:PersistentLevel.LandscapeStreamingProxy_BDUAYFW5DX040FVUYPDS8T97O_126_2_0_0
 |- Actor Package: /Game/__ExternalActors__/ThirdPerson/Maps/ThirdPersonMap/A/V3/XLKMXWP785YV8S6ZOAKAP8
 |- Actor Path: /Game/ThirdPerson/Maps/ThirdPersonMap.ThirdPersonMap:PersistentLevel.LandscapeStreamingProxy_BDUAYFW5DX040FVUYPDS8T97O_126_2_1_0
 |- Actor Package: /Game/__ExternalActors__/ThirdPerson/Maps/ThirdPersonMap/7/M4/QOE3ZKL7LGBTPOQ0VUMYVG
 |- Actor Path: /Game/ThirdPerson/Maps/ThirdPersonMap.ThirdPersonMap:PersistentLevel.LandscapeStreamingProxy_BDUAYFW5DX040FVUYPDS8T97O_126_2_2_0
 |- Actor Package: /Game/__ExternalActors__/ThirdPerson/Maps/ThirdPersonMap/9/TT/IBVGJWSIOVNIXCRFY53UQ2
 |- Actor Path: /Game/ThirdPerson/Maps/ThirdPersonMap.ThirdPersonMap:PersistentLevel.LandscapeStreamingProxy_BDUAYFW5DX040FVUYPDS8T97O_126_2_3_0
 |- Actor Package: /Game/__ExternalActors__/ThirdPerson/Maps/ThirdPersonMap/C/0O/QSCB6L406XUXILIEF9KHOI
 |- Actor Path: /Game/ThirdPerson/Maps/ThirdPersonMap.ThirdPersonMap:PersistentLevel.LandscapeStreamingProxy_BDUAYFW5DX040FVUYPDS8T97O_126_3_0_0
 |- Actor Package: /Game/__ExternalActors__/ThirdPerson/Maps/ThirdPersonMap/7/YX/16DMA9AUWLG78UO00NIPNX
 |- Actor Path: /Game/ThirdPerson/Maps/ThirdPersonMap.ThirdPersonMap:PersistentLevel.LandscapeStreamingProxy_BDUAYFW5DX040FVUYPDS8T97O_126_3_1_0
 |- Actor Package: /Game/__ExternalActors__/ThirdPerson/Maps/ThirdPersonMap/E/W4/FBF8W3B8VBN252RFSFS5O5
 |- Actor Path: /Game/ThirdPerson/Maps/ThirdPersonMap.ThirdPersonMap:PersistentLevel.LandscapeStreamingProxy_BDUAYFW5DX040FVUYPDS8T97O_126_3_2_0
 |- Actor Package: /Game/__ExternalActors__/ThirdPerson/Maps/ThirdPersonMap/0/0K/WI91EVNVK89VMV7HK6VFS0
 |- Actor Path: /Game/ThirdPerson/Maps/ThirdPersonMap.ThirdPersonMap:PersistentLevel.LandscapeStreamingProxy_BDUAYFW5DX040FVUYPDS8T97O_126_3_3_0
 |- Actor Package: /Game/__ExternalActors__/ThirdPerson/Maps/ThirdPersonMap/D/KC/LOSMALF8SBZ3MNXIYVIUY0
 |- Actor Path: /Game/ThirdPerson/Maps/ThirdPersonMap.ThirdPersonMap:PersistentLevel.PlayerStart_0
 |- Actor Package: /Game/__ExternalActors__/ThirdPerson/Maps/ThirdPersonMap/D/DE/SWSI13675DVYIZ0N4NF7Y3
 |- Actor Path: /Game/ThirdPerson/Maps/ThirdPersonMap.ThirdPersonMap:PersistentLevel.PostProcessVolume_0
 |- Actor Package: /Game/__ExternalActors__/ThirdPerson/Maps/ThirdPersonMap/1/AZ/A7GPT109Y6ZTTJD4A7TXER
 |- Actor Path: /Game/ThirdPerson/Maps/ThirdPersonMap.ThirdPersonMap:PersistentLevel.SkyAtmosphere_0
 |- Actor Package: /Game/__ExternalActors__/ThirdPerson/Maps/ThirdPersonMap/4/LN/30UBDLYFFA5ZR7U4W4L4GG
 |- Actor Path: /Game/ThirdPerson/Maps/ThirdPersonMap.ThirdPersonMap:PersistentLevel.SkyLight_1
 |- Actor Package: /Game/__ExternalActors__/ThirdPerson/Maps/ThirdPersonMap/8/S1/DXUWD12MD3HRWVVXX076BY
 |- Actor Path: /Game/ThirdPerson/Maps/ThirdPersonMap.ThirdPersonMap:PersistentLevel.StaticMeshActor_UAID_A4AE111137DC5EFB00_1110535423
 |- Actor Package: /Game/__ExternalActors__/ThirdPerson/Maps/ThirdPersonMap/4/PN/2QISIGK5DJNQ05US8O8FXW
 |- Actor Path: /Game/ThirdPerson/Maps/ThirdPersonMap.ThirdPersonMap:PersistentLevel.VolumetricCloud_0
 |- Actor Package: /Game/__ExternalActors__/ThirdPerson/Maps/ThirdPersonMap/3/EY/87SHEJN5UBEAN2K5OV1G6R
 |- Actor Path: /Game/ThirdPerson/Maps/ThirdPersonMap.ThirdPersonMap:PersistentLevel.WorldDataLayers
 |- Actor Package: /Game/__ExternalActors__/ThirdPerson/Maps/ThirdPersonMap/0/43/HYQWORMY4JDQ5X3OKZXFLC

----------------------------------------------------------------------------------------------------------------
ThirdPersonMap - Runtime Hash Set
----------------------------------------------------------------------------------------------------------------

